#
# A fatal error has been detected by the Java Runtime Environment:
#
#  SIGSEGV (0xb) at pc=0x00007f9657b7fb1e, pid=1930, tid=1964
#
# JRE version: OpenJDK Runtime Environment (10.0.2+13) (build 10.0.2+13-Ubuntu-1ubuntu0.18.04.4)
# Java VM: OpenJDK 64-Bit Server VM (10.0.2+13-Ubuntu-1ubuntu0.18.04.4, mixed mode, tiered, compressed oops, g1 gc, linux-amd64)
# Problematic frame:
# v  ~BufferBlob::jni_fast_GetLongField
#
# Core dump will be written. Default location: Core dumps may be processed with "/usr/share/apport/apport %p %s %c %d %P" (or dumping to /home/harsh/Desktop/Microcontroller/edsim51di/core.1930)
#
# If you would like to submit a bug report, please visit:
#   http://bugreport.java.com/bugreport/crash.jsp
# The crash happened outside the Java Virtual Machine in native code.
# See problematic frame for where to report the bug.
#

---------------  S U M M A R Y ------------

Command Line: edsim51di.jar

Host: Intel(R) Core(TM) i5-6200U CPU @ 2.30GHz, 4 cores, 7G, Ubuntu 18.04.1 LTS
Time: Tue Jan 15 17:09:15 2019 IST elapsed time: 3789 seconds (0d 1h 3m 9s)

---------------  T H R E A D  ---------------

Current thread (0x00007f967045b000):  JavaThread "AWT-XAWT" daemon [_thread_in_native, id=1964, stack(0x00007f95f1b8a000,0x00007f95f1c8b000)]

Stack: [0x00007f95f1b8a000,0x00007f95f1c8b000],  sp=0x00007f95f1c89758,  free space=1021k
Native frames: (J=compiled Java code, A=aot compiled Java code, j=interpreted, Vv=VM code, C=native code)
v  ~BufferBlob::jni_fast_GetLongField
C  [libX11.so.6+0x64b1d]  _XimServerDestroy+0x3d

Java frames: (J=compiled Java code, j=interpreted, Vv=VM code)
J 2996  sun.awt.X11.XlibWrapper.XFilterEvent(JJ)Z java.desktop@10.0.2 (0 bytes) @ 0x00007f965f6f5f04 [0x00007f965f6f5ec0+0x0000000000000044]
J 5557% c1 sun.awt.X11.XToolkit.run(Z)V java.desktop@10.0.2 (384 bytes) @ 0x00007f96589ecb0c [0x00007f96589e9920+0x00000000000031ec]
j  sun.awt.X11.XToolkit.run()V+5 java.desktop@10.0.2
j  java.lang.Thread.run()V+11 java.base@10.0.2
v  ~StubRoutines::call_stub

siginfo: si_signo: 11 (SIGSEGV), si_code: 1 (SEGV_MAPERR), si_addr: 0x0000000000000000

Register to memory mapping:

RAX=0x00007f9678e7ba80: <offset 0x0000000001274a80> in /usr/lib/jvm/java-11-openjdk-amd64/lib/server/libjvm.so at 0x00007f9677c07000
RBX=0x00007f967045b200 is an unknown value
RCX=0x0000000000000000 is an unknown value
RDX=0x0000000000000042 is an unknown value
RSP=0x00007f95f1c89758 is pointing into the stack for thread: 0x00007f967045b000
RBP=0x00007f95f1c89780 is pointing into the stack for thread: 0x00007f967045b000
RSI=0x0000000000000000 is an unknown value
RDI=0x00007f967045b200 is an unknown value
R8 =0x00007f95fb0b29b0: <offset 0x000000000005c9b0> in /usr/lib/x86_64-linux-gnu/libX11.so.6 at 0x00007f95fb056000
R9 =0x0000000000000000 is an unknown value
R10=0x0000000000000732 is an unknown value
R11=0x0000000085080438 is an oop
sun.util.logging.PlatformLogger$Level 
{0x0000000085080438} - klass: 'sun/util/logging/PlatformLogger$Level'
R12=0x0000000000000000 is an unknown value
R13=0x0000000000000000 is an unknown value
R14=0x00007f95fb8035c0: <offset 0x00000000002635c0> in /usr/lib/jvm/java-11-openjdk-amd64/lib/libawt_xawt.so at 0x00007f95fb5a0000
R15=0x00007f967045b000 is a thread


Registers:
RAX=0x00007f9678e7ba80, RBX=0x00007f967045b200, RCX=0x0000000000000000, RDX=0x0000000000000042
RSP=0x00007f95f1c89758, RBP=0x00007f95f1c89780, RSI=0x0000000000000000, RDI=0x00007f967045b200
R8 =0x00007f95fb0b29b0, R9 =0x0000000000000000, R10=0x0000000000000732, R11=0x0000000085080438
R12=0x0000000000000000, R13=0x0000000000000000, R14=0x00007f95fb8035c0, R15=0x00007f967045b000
RIP=0x00007f9657b7fb1e, EFLAGS=0x0000000000010246, CSGSFS=0x002b000000000033, ERR=0x0000000000000004
  TRAPNO=0x000000000000000e

Top of Stack: (sp=0x00007f95f1c89758)
0x00007f95f1c89758:   00007f95fb5d71d4 00000000854bbcc8
0x00007f95f1c89768:   0000000000000000 0000000000000000
0x00007f95f1c89778:   00007f95f1c89800 00007f95d800d570
0x00007f95f1c89788:   00007f95fb0bab1d 00000000854bbcc8 

Instructions: (pc=0x00007f9657b7fb1e)
0x00007f9657b7fafe:   00 00 44 8b 15 7d 78 34 21 4c 8b ce 41 f6 c2 01
0x00007f9657b7fb0e:   0f 85 32 00 00 00 4d 33 ca 4d 33 ca 49 83 e1 fe
0x00007f9657b7fb1e:   4d 8b 09 4c 8b da 49 c1 eb 02 4b 8b 04 19 49 bb
0x00007f9657b7fb2e:   84 73 ec 78 96 7f 00 00 4c 33 d8 4c 33 d8 45 3b 



---------------  P R O C E S S  ---------------

Threads class SMR info:
_java_thread_list=0x00007f95cc006fd0, length=15, elements={
0x00007f9670158800, 0x00007f967015a800, 0x00007f9670163800, 0x00007f967016e000,
0x00007f9670170000, 0x00007f9670172000, 0x00007f9670174000, 0x00007f96701f8800,
0x00007f9670209800, 0x00007f9670459800, 0x00007f967045b000, 0x00007f96704c1800,
0x00007f96704ba000, 0x00007f9670011000, 0x00007f95d8019000
}

Java Threads: ( => current thread )
  0x00007f9670158800 JavaThread "Reference Handler" daemon [_thread_blocked, id=1950, stack(0x00007f96550ea000,0x00007f96551eb000)]
  0x00007f967015a800 JavaThread "Finalizer" daemon [_thread_blocked, id=1951, stack(0x00007f9654fe9000,0x00007f96550ea000)]
  0x00007f9670163800 JavaThread "Signal Dispatcher" daemon [_thread_blocked, id=1952, stack(0x00007f9654519000,0x00007f965461a000)]
  0x00007f967016e000 JavaThread "C2 CompilerThread0" daemon [_thread_blocked, id=1953, stack(0x00007f9654418000,0x00007f9654519000)]
  0x00007f9670170000 JavaThread "C2 CompilerThread1" daemon [_thread_blocked, id=1954, stack(0x00007f9654317000,0x00007f9654418000)]
  0x00007f9670172000 JavaThread "C1 CompilerThread2" daemon [_thread_blocked, id=1955, stack(0x00007f9654216000,0x00007f9654317000)]
  0x00007f9670174000 JavaThread "Sweeper thread" daemon [_thread_blocked, id=1956, stack(0x00007f9654115000,0x00007f9654216000)]
  0x00007f96701f8800 JavaThread "Service Thread" daemon [_thread_blocked, id=1957, stack(0x00007f9654014000,0x00007f9654115000)]
  0x00007f9670209800 JavaThread "Common-Cleaner" daemon [_thread_blocked, id=1959, stack(0x00007f95fbeff000,0x00007f95fc000000)]
  0x00007f9670459800 JavaThread "Java2D Disposer" daemon [_thread_blocked, id=1963, stack(0x00007f95f1c8b000,0x00007f95f1d8c000)]
=>0x00007f967045b000 JavaThread "AWT-XAWT" daemon [_thread_in_native, id=1964, stack(0x00007f95f1b8a000,0x00007f95f1c8b000)]
  0x00007f96704c1800 JavaThread "AWT-Shutdown" [_thread_blocked, id=1965, stack(0x00007f95f1889000,0x00007f95f198a000)]
  0x00007f96704ba000 JavaThread "AWT-EventQueue-0" [_thread_blocked, id=1966, stack(0x00007f95f1788000,0x00007f95f1889000)]
  0x00007f9670011000 JavaThread "DestroyJavaVM" [_thread_blocked, id=1934, stack(0x00007f9679c32000,0x00007f9679d33000)]
  0x00007f95d8019000 JavaThread "TimerQueue" daemon [_thread_blocked, id=1973, stack(0x00007f95f0ca3000,0x00007f95f0da4000)]

Other Threads:
  0x00007f967014e800 VMThread "VM Thread" [stack: 0x00007f96551ed000,0x00007f96552ed000] [id=1949]
  0x00007f96701fb000 WatcherThread [stack: 0x00007f9644040000,0x00007f9644140000] [id=1958]
  0x00007f9670027800 GCTaskThread "GC Thread#0" [stack: 0x00007f9675d5d000,0x00007f9675e5d000] [id=1935]
  0x00007f9670029000 GCTaskThread "GC Thread#1" [stack: 0x00007f9675c5b000,0x00007f9675d5b000] [id=1936]
  0x00007f967002b000 GCTaskThread "GC Thread#2" [stack: 0x00007f9675b59000,0x00007f9675c59000] [id=1937]
  0x00007f967002c800 GCTaskThread "GC Thread#3" [stack: 0x00007f9675a57000,0x00007f9675b57000] [id=1938]
  0x00007f9670056000 ConcurrentGCThread "G1 Main Marker" [stack: 0x00007f96749c9000,0x00007f9674ac9000] [id=1939]
  0x00007f9670057800 ConcurrentGCThread "G1 Conc#0" [stack: 0x00007f96748c7000,0x00007f96749c7000] [id=1940]
  0x00007f96700bf800 ConcurrentGCThread "G1 Refine#0" [stack: 0x00007f96743c1000,0x00007f96744c1000] [id=1941]
  0x00007f96700c1000 ConcurrentGCThread "G1 Refine#1" [stack: 0x00007f96742bf000,0x00007f96743bf000] [id=1942]
  0x00007f96700c3000 ConcurrentGCThread "G1 Refine#2" [stack: 0x00007f96741bd000,0x00007f96742bd000] [id=1943]
  0x00007f96700c4800 ConcurrentGCThread "G1 Refine#3" [stack: 0x00007f96740bb000,0x00007f96741bb000] [id=1944]
  0x00007f96700c6800 ConcurrentGCThread "G1 Young RemSet Sampling" [stack: 0x00007f9655b65000,0x00007f9655c65000] [id=1945]

Threads with active compile tasks:

VM state:not at safepoint (normal execution)

VM Mutex/Monitor currently owned by a thread: None

Heap address: 0x0000000085000000, size: 1968 MB, Compressed Oops mode: 32-bit
Narrow klass base: 0x0000000000000000, Narrow klass shift: 3
Compressed class space size: 1073741824 Address: 0x0000000100000000

Heap:
 garbage-first heap   total 126976K, used 82336K [0x0000000085000000, 0x0000000100000000)
  region size 1024K, 39 young (39936K), 1 survivors (1024K)
 Metaspace       used 24788K, capacity 25144K, committed 26240K, reserved 1073152K
  class space    used 2491K, capacity 2624K, committed 2944K, reserved 1048576K
Heap Regions: E=young(eden), S=young(survivor), O=old, HS=humongous(starts), HC=humongous(continues), CS=collection set, F=free, A=archive, TS=gc time stamp, AC=allocation context, TAMS=top-at-mark-start (previous, next)
|   0|0x0000000085000000, 0x0000000085100000, 0x0000000085100000|100%| O|  |TS  0|AC  0|TAMS 0x0000000085100000, 0x0000000085100000|
|   1|0x0000000085100000, 0x0000000085200000, 0x0000000085200000|100%| O|  |TS  0|AC  0|TAMS 0x0000000085200000, 0x0000000085200000|
|   2|0x0000000085200000, 0x0000000085300000, 0x0000000085300000|100%| O|  |TS  0|AC  0|TAMS 0x0000000085300000, 0x0000000085300000|
|   3|0x0000000085300000, 0x0000000085400000, 0x0000000085400000|100%| O|  |TS  6|AC  0|TAMS 0x0000000085300000, 0x0000000085300000|
|   4|0x0000000085400000, 0x0000000085500000, 0x0000000085500000|100%| O|  |TS  0|AC  0|TAMS 0x0000000085500000, 0x0000000085500000|
|   5|0x0000000085500000, 0x0000000085600000, 0x0000000085600000|100%| O|  |TS  0|AC  0|TAMS 0x0000000085600000, 0x0000000085600000|
|   6|0x0000000085600000, 0x0000000085700000, 0x0000000085700000|100%| O|  |TS  0|AC  0|TAMS 0x0000000085700000, 0x0000000085700000|
|   7|0x0000000085700000, 0x0000000085800000, 0x0000000085800000|100%| O|  |TS  0|AC  0|TAMS 0x0000000085800000, 0x0000000085800000|
|   8|0x0000000085800000, 0x0000000085900000, 0x0000000085900000|100%| O|  |TS  0|AC  0|TAMS 0x0000000085900000, 0x0000000085900000|
|   9|0x0000000085900000, 0x0000000085a00000, 0x0000000085a00000|100%| O|  |TS  0|AC  0|TAMS 0x0000000085a00000, 0x0000000085a00000|
|  10|0x0000000085a00000, 0x0000000085b00000, 0x0000000085b00000|100%| O|  |TS  6|AC  0|TAMS 0x0000000085a00000, 0x0000000085a00000|
|  11|0x0000000085b00000, 0x0000000085c00000, 0x0000000085c00000|100%| O|  |TS  6|AC  0|TAMS 0x0000000085b00000, 0x0000000085b00000|
|  12|0x0000000085c00000, 0x0000000085d00000, 0x0000000085d00000|100%| O|  |TS  6|AC  0|TAMS 0x0000000085c00000, 0x0000000085c00000|
|  13|0x0000000085d00000, 0x0000000085e00000, 0x0000000085e00000|100%| O|  |TS  6|AC  0|TAMS 0x0000000085d00000, 0x0000000085d00000|
|  14|0x0000000085e00000, 0x0000000085f00000, 0x0000000085f00000|100%| O|  |TS  9|AC  0|TAMS 0x0000000085e00000, 0x0000000085e00000|
|  15|0x0000000085f00000, 0x0000000086000000, 0x0000000086000000|100%| O|  |TS  9|AC  0|TAMS 0x0000000085f00000, 0x0000000085f00000|
|  16|0x0000000086000000, 0x0000000086100000, 0x0000000086100000|100%| O|  |TS  9|AC  0|TAMS 0x0000000086000000, 0x0000000086000000|
|  17|0x0000000086100000, 0x0000000086200000, 0x0000000086200000|100%| O|  |TS  9|AC  0|TAMS 0x0000000086100000, 0x0000000086100000|
|  18|0x0000000086200000, 0x0000000086300000, 0x0000000086300000|100%| O|  |TS  9|AC  0|TAMS 0x0000000086200000, 0x0000000086200000|
|  19|0x0000000086300000, 0x0000000086400000, 0x0000000086400000|100%| O|  |TS 12|AC  0|TAMS 0x0000000086300000, 0x0000000086300000|
|  20|0x0000000086400000, 0x0000000086500000, 0x0000000086500000|100%| O|  |TS 12|AC  0|TAMS 0x0000000086400000, 0x0000000086400000|
|  21|0x0000000086500000, 0x0000000086600000, 0x0000000086600000|100%| O|  |TS 12|AC  0|TAMS 0x0000000086500000, 0x0000000086500000|
|  22|0x0000000086600000, 0x0000000086700000, 0x0000000086700000|100%| O|  |TS 12|AC  0|TAMS 0x0000000086600000, 0x0000000086600000|
|  23|0x0000000086700000, 0x0000000086800000, 0x0000000086800000|100%| O|  |TS 12|AC  0|TAMS 0x0000000086700000, 0x0000000086700000|
|  24|0x0000000086800000, 0x0000000086900000, 0x0000000086900000|100%| O|  |TS 12|AC  0|TAMS 0x0000000086800000, 0x0000000086800000|
|  25|0x0000000086900000, 0x0000000086a00000, 0x0000000086a00000|100%| O|  |TS 17|AC  0|TAMS 0x0000000086900000, 0x0000000086900000|
|  26|0x0000000086a00000, 0x0000000086b00000, 0x0000000086b00000|100%| O|  |TS 17|AC  0|TAMS 0x0000000086a00000, 0x0000000086a00000|
|  27|0x0000000086b00000, 0x0000000086c00000, 0x0000000086c00000|100%| O|  |TS 17|AC  0|TAMS 0x0000000086b00000, 0x0000000086b00000|
|  28|0x0000000086c00000, 0x0000000086d00000, 0x0000000086d00000|100%| O|  |TS 17|AC  0|TAMS 0x0000000086c00000, 0x0000000086c00000|
|  29|0x0000000086d00000, 0x0000000086e00000, 0x0000000086e00000|100%| O|  |TS 17|AC  0|TAMS 0x0000000086d00000, 0x0000000086d00000|
|  30|0x0000000086e00000, 0x0000000086f00000, 0x0000000086f00000|100%| O|  |TS 22|AC  0|TAMS 0x0000000086e00000, 0x0000000086e00000|
|  31|0x0000000086f00000, 0x0000000087000000, 0x0000000087000000|100%| O|  |TS 22|AC  0|TAMS 0x0000000086f00000, 0x0000000086f00000|
|  32|0x0000000087000000, 0x0000000087100000, 0x0000000087100000|100%| O|  |TS 22|AC  0|TAMS 0x0000000087000000, 0x0000000087000000|
|  33|0x0000000087100000, 0x0000000087200000, 0x0000000087200000|100%| O|  |TS 22|AC  0|TAMS 0x0000000087100000, 0x0000000087100000|
|  34|0x0000000087200000, 0x0000000087300000, 0x0000000087300000|100%| O|  |TS 22|AC  0|TAMS 0x0000000087200000, 0x0000000087200000|
|  35|0x0000000087300000, 0x000000008735f400, 0x0000000087400000| 37%| O|  |TS 24|AC  0|TAMS 0x0000000087300000, 0x0000000087300000|
|  36|0x0000000087400000, 0x0000000087500000, 0x0000000087500000|100%| O|  |TS  0|AC  0|TAMS 0x0000000087500000, 0x0000000087500000|
|  37|0x0000000087500000, 0x0000000087500000, 0x0000000087600000|  0%| F|  |TS 12|AC  0|TAMS 0x0000000087500000, 0x0000000087500000|
|  38|0x0000000087600000, 0x0000000087600000, 0x0000000087700000|  0%| F|  |TS 12|AC  0|TAMS 0x0000000087600000, 0x0000000087600000|
|  39|0x0000000087700000, 0x0000000087700000, 0x0000000087800000|  0%| F|  |TS 12|AC  0|TAMS 0x0000000087700000, 0x0000000087700000|
|  40|0x0000000087800000, 0x0000000087800000, 0x0000000087900000|  0%| F|  |TS 17|AC  0|TAMS 0x0000000087800000, 0x0000000087800000|
|  41|0x0000000087900000, 0x0000000087900000, 0x0000000087a00000|  0%| F|  |TS 17|AC  0|TAMS 0x0000000087900000, 0x0000000087900000|
|  42|0x0000000087a00000, 0x0000000087a00000, 0x0000000087b00000|  0%| F|  |TS 17|AC  0|TAMS 0x0000000087a00000, 0x0000000087a00000|
|  43|0x0000000087b00000, 0x0000000087b00000, 0x0000000087c00000|  0%| F|  |TS 22|AC  0|TAMS 0x0000000087b00000, 0x0000000087b00000|
|  44|0x0000000087c00000, 0x0000000087c00000, 0x0000000087d00000|  0%| F|  |TS 22|AC  0|TAMS 0x0000000087c00000, 0x0000000087c00000|
|  45|0x0000000087d00000, 0x0000000087d00000, 0x0000000087e00000|  0%| F|  |TS 22|AC  0|TAMS 0x0000000087d00000, 0x0000000087d00000|
|  46|0x0000000087e00000, 0x0000000087f00000, 0x0000000087f00000|100%| O|  |TS  0|AC  0|TAMS 0x0000000087f00000, 0x0000000087f00000|
|  47|0x0000000087f00000, 0x0000000088000000, 0x0000000088000000|100%| O|  |TS  0|AC  0|TAMS 0x0000000088000000, 0x0000000088000000|
|  48|0x0000000088000000, 0x0000000088100000, 0x0000000088100000|100%| O|  |TS  0|AC  0|TAMS 0x0000000088100000, 0x0000000088100000|
|  49|0x0000000088100000, 0x0000000088200000, 0x0000000088200000|100%| O|  |TS  0|AC  0|TAMS 0x0000000088200000, 0x0000000088200000|
|  50|0x0000000088200000, 0x0000000088200000, 0x0000000088300000|  0%| F|  |TS 22|AC  0|TAMS 0x0000000088200000, 0x0000000088200000|
|  51|0x0000000088300000, 0x0000000088300000, 0x0000000088400000|  0%| F|  |TS 22|AC  0|TAMS 0x0000000088300000, 0x0000000088300000|
|  52|0x0000000088400000, 0x0000000088400000, 0x0000000088500000|  0%| F|  |TS 22|AC  0|TAMS 0x0000000088400000, 0x0000000088400000|
|  53|0x0000000088500000, 0x0000000088500000, 0x0000000088600000|  0%| F|  |TS 21|AC  0|TAMS 0x0000000088500000, 0x0000000088500000|
|  54|0x0000000088600000, 0x0000000088600000, 0x0000000088700000|  0%| F|  |TS 21|AC  0|TAMS 0x0000000088600000, 0x0000000088600000|
|  55|0x0000000088700000, 0x0000000088800000, 0x0000000088800000|100%| O|  |TS  0|AC  0|TAMS 0x0000000088800000, 0x0000000088800000|
|  56|0x0000000088800000, 0x0000000088900000, 0x0000000088900000|100%| O|  |TS  0|AC  0|TAMS 0x0000000088900000, 0x0000000088900000|
|  57|0x0000000088900000, 0x0000000088a00000, 0x0000000088a00000|100%| O|  |TS  2|AC  0|TAMS 0x00000000889e1c00, 0x00000000889e1c00|
|  58|0x0000000088a00000, 0x0000000088a00000, 0x0000000088b00000|  0%| F|  |TS 21|AC  0|TAMS 0x0000000088a00000, 0x0000000088a00000|
|  59|0x0000000088b00000, 0x0000000088b00000, 0x0000000088c00000|  0%| F|  |TS 21|AC  0|TAMS 0x0000000088b00000, 0x0000000088b00000|
|  60|0x0000000088c00000, 0x0000000088c00000, 0x0000000088d00000|  0%| F|  |TS 21|AC  0|TAMS 0x0000000088c00000, 0x0000000088c00000|
|  61|0x0000000088d00000, 0x0000000088d00000, 0x0000000088e00000|  0%| F|  |TS 21|AC  0|TAMS 0x0000000088d00000, 0x0000000088d00000|
|  62|0x0000000088e00000, 0x0000000088e08d30, 0x0000000088f00000|  3%| S|CS|TS 24|AC  0|TAMS 0x0000000088e00000, 0x0000000088e00000|
|  63|0x0000000088f00000, 0x0000000088f00000, 0x0000000089000000|  0%| F|  |TS 24|AC  0|TAMS 0x0000000088f00000, 0x0000000088f00000|
|  64|0x0000000089000000, 0x0000000089000000, 0x0000000089100000|  0%| F|  |TS 24|AC  0|TAMS 0x0000000089000000, 0x0000000089000000|
|  65|0x0000000089100000, 0x0000000089100000, 0x0000000089200000|  0%| F|  |TS 24|AC  0|TAMS 0x0000000089100000, 0x0000000089100000|
|  66|0x0000000089200000, 0x0000000089200000, 0x0000000089300000|  0%| F|  |TS 24|AC  0|TAMS 0x0000000089200000, 0x0000000089200000|
|  67|0x0000000089300000, 0x0000000089300000, 0x0000000089400000|  0%| F|  |TS 24|AC  0|TAMS 0x0000000089300000, 0x0000000089300000|
|  68|0x0000000089400000, 0x0000000089400000, 0x0000000089500000|  0%| F|  |TS 24|AC  0|TAMS 0x0000000089400000, 0x0000000089400000|
|  69|0x0000000089500000, 0x0000000089500000, 0x0000000089600000|  0%| F|  |TS 24|AC  0|TAMS 0x0000000089500000, 0x0000000089500000|
|  70|0x0000000089600000, 0x0000000089600000, 0x0000000089700000|  0%| F|  |TS 24|AC  0|TAMS 0x0000000089600000, 0x0000000089600000|
|  71|0x0000000089700000, 0x0000000089700000, 0x0000000089800000|  0%| F|  |TS 24|AC  0|TAMS 0x0000000089700000, 0x0000000089700000|
|  72|0x0000000089800000, 0x0000000089800000, 0x0000000089900000|  0%| F|  |TS 24|AC  0|TAMS 0x0000000089800000, 0x0000000089800000|
|  73|0x0000000089900000, 0x0000000089900000, 0x0000000089a00000|  0%| F|  |TS 24|AC  0|TAMS 0x0000000089900000, 0x0000000089900000|
|  74|0x0000000089a00000, 0x0000000089a00000, 0x0000000089b00000|  0%| F|  |TS 24|AC  0|TAMS 0x0000000089a00000, 0x0000000089a00000|
|  75|0x0000000089b00000, 0x0000000089b00000, 0x0000000089c00000|  0%| F|  |TS 24|AC  0|TAMS 0x0000000089b00000, 0x0000000089b00000|
|  76|0x0000000089c00000, 0x0000000089c00000, 0x0000000089d00000|  0%| F|  |TS 24|AC  0|TAMS 0x0000000089c00000, 0x0000000089c00000|
|  77|0x0000000089d00000, 0x0000000089d00000, 0x0000000089e00000|  0%| F|  |TS 24|AC  0|TAMS 0x0000000089d00000, 0x0000000089d00000|
|  78|0x0000000089e00000, 0x0000000089e00000, 0x0000000089f00000|  0%| F|  |TS 24|AC  0|TAMS 0x0000000089e00000, 0x0000000089e00000|
|  79|0x0000000089f00000, 0x0000000089f00000, 0x000000008a000000|  0%| F|  |TS 24|AC  0|TAMS 0x0000000089f00000, 0x0000000089f00000|
|  80|0x000000008a000000, 0x000000008a000000, 0x000000008a100000|  0%| F|  |TS 24|AC  0|TAMS 0x000000008a000000, 0x000000008a000000|
|  81|0x000000008a100000, 0x000000008a100000, 0x000000008a200000|  0%| F|  |TS 24|AC  0|TAMS 0x000000008a100000, 0x000000008a100000|
|  82|0x000000008a200000, 0x000000008a200000, 0x000000008a300000|  0%| F|  |TS 24|AC  0|TAMS 0x000000008a200000, 0x000000008a200000|
|  83|0x000000008a300000, 0x000000008a300000, 0x000000008a400000|  0%| F|  |TS 24|AC  0|TAMS 0x000000008a300000, 0x000000008a300000|
|  84|0x000000008a400000, 0x000000008a400000, 0x000000008a500000|  0%| F|  |TS 24|AC  0|TAMS 0x000000008a400000, 0x000000008a400000|
|  85|0x000000008a500000, 0x000000008a500000, 0x000000008a600000|  0%| F|  |TS 24|AC  0|TAMS 0x000000008a500000, 0x000000008a500000|
|  86|0x000000008a600000, 0x000000008a6c8aa0, 0x000000008a700000| 78%| E|  |TS 24|AC  0|TAMS 0x000000008a600000, 0x000000008a600000|
|  87|0x000000008a700000, 0x000000008a800000, 0x000000008a800000|100%| E|CS|TS 24|AC  0|TAMS 0x000000008a700000, 0x000000008a700000|
|  88|0x000000008a800000, 0x000000008a900000, 0x000000008a900000|100%| E|CS|TS 24|AC  0|TAMS 0x000000008a800000, 0x000000008a800000|
|  89|0x000000008a900000, 0x000000008aa00000, 0x000000008aa00000|100%| E|CS|TS 24|AC  0|TAMS 0x000000008a900000, 0x000000008a900000|
|  90|0x000000008aa00000, 0x000000008ab00000, 0x000000008ab00000|100%| E|CS|TS 24|AC  0|TAMS 0x000000008aa00000, 0x000000008aa00000|
|  91|0x000000008ab00000, 0x000000008ac00000, 0x000000008ac00000|100%| E|CS|TS 24|AC  0|TAMS 0x000000008ab00000, 0x000000008ab00000|
|  92|0x000000008ac00000, 0x000000008ad00000, 0x000000008ad00000|100%| E|CS|TS 24|AC  0|TAMS 0x000000008ac00000, 0x000000008ac00000|
|  93|0x000000008ad00000, 0x000000008ae00000, 0x000000008ae00000|100%| E|CS|TS 24|AC  0|TAMS 0x000000008ad00000, 0x000000008ad00000|
|  94|0x000000008ae00000, 0x000000008af00000, 0x000000008af00000|100%| E|CS|TS 24|AC  0|TAMS 0x000000008ae00000, 0x000000008ae00000|
|  95|0x000000008af00000, 0x000000008b000000, 0x000000008b000000|100%| E|CS|TS 24|AC  0|TAMS 0x000000008af00000, 0x000000008af00000|
|  96|0x000000008b000000, 0x000000008b100000, 0x000000008b100000|100%| E|CS|TS 24|AC  0|TAMS 0x000000008b000000, 0x000000008b000000|
|  97|0x000000008b100000, 0x000000008b200000, 0x000000008b200000|100%| E|CS|TS 24|AC  0|TAMS 0x000000008b100000, 0x000000008b100000|
|  98|0x000000008b200000, 0x000000008b300000, 0x000000008b300000|100%| E|CS|TS 24|AC  0|TAMS 0x000000008b200000, 0x000000008b200000|
|  99|0x000000008b300000, 0x000000008b400000, 0x000000008b400000|100%| E|CS|TS 24|AC  0|TAMS 0x000000008b300000, 0x000000008b300000|
| 100|0x000000008b400000, 0x000000008b500000, 0x000000008b500000|100%| E|CS|TS 24|AC  0|TAMS 0x000000008b400000, 0x000000008b400000|
| 101|0x000000008b500000, 0x000000008b600000, 0x000000008b600000|100%| E|CS|TS 24|AC  0|TAMS 0x000000008b500000, 0x000000008b500000|
| 102|0x000000008b600000, 0x000000008b700000, 0x000000008b700000|100%| E|CS|TS 24|AC  0|TAMS 0x000000008b600000, 0x000000008b600000|
| 103|0x000000008b700000, 0x000000008b800000, 0x000000008b800000|100%| E|CS|TS 24|AC  0|TAMS 0x000000008b700000, 0x000000008b700000|
| 104|0x000000008b800000, 0x000000008b900000, 0x000000008b900000|100%| E|CS|TS 24|AC  0|TAMS 0x000000008b800000, 0x000000008b800000|
| 105|0x000000008b900000, 0x000000008ba00000, 0x000000008ba00000|100%| E|CS|TS 24|AC  0|TAMS 0x000000008b900000, 0x000000008b900000|
| 106|0x000000008ba00000, 0x000000008bb00000, 0x000000008bb00000|100%| E|CS|TS 24|AC  0|TAMS 0x000000008ba00000, 0x000000008ba00000|
| 107|0x000000008bb00000, 0x000000008bc00000, 0x000000008bc00000|100%| E|CS|TS 24|AC  0|TAMS 0x000000008bb00000, 0x000000008bb00000|
| 108|0x000000008bc00000, 0x000000008bd00000, 0x000000008bd00000|100%| E|CS|TS 24|AC  0|TAMS 0x000000008bc00000, 0x000000008bc00000|
| 109|0x000000008bd00000, 0x000000008be00000, 0x000000008be00000|100%| E|CS|TS 24|AC  0|TAMS 0x000000008bd00000, 0x000000008bd00000|
| 110|0x000000008be00000, 0x000000008bf00000, 0x000000008bf00000|100%| E|CS|TS 24|AC  0|TAMS 0x000000008be00000, 0x000000008be00000|
| 111|0x000000008bf00000, 0x000000008c000000, 0x000000008c000000|100%| E|CS|TS 24|AC  0|TAMS 0x000000008bf00000, 0x000000008bf00000|
| 112|0x000000008c000000, 0x000000008c100000, 0x000000008c100000|100%| E|CS|TS 24|AC  0|TAMS 0x000000008c000000, 0x000000008c000000|
| 113|0x000000008c100000, 0x000000008c200000, 0x000000008c200000|100%| E|CS|TS 24|AC  0|TAMS 0x000000008c100000, 0x000000008c100000|
| 114|0x000000008c200000, 0x000000008c300000, 0x000000008c300000|100%| E|CS|TS 24|AC  0|TAMS 0x000000008c200000, 0x000000008c200000|
| 115|0x000000008c300000, 0x000000008c400000, 0x000000008c400000|100%| E|CS|TS 24|AC  0|TAMS 0x000000008c300000, 0x000000008c300000|
| 116|0x000000008c400000, 0x000000008c500000, 0x000000008c500000|100%| E|CS|TS 24|AC  0|TAMS 0x000000008c400000, 0x000000008c400000|
| 117|0x000000008c500000, 0x000000008c600000, 0x000000008c600000|100%| E|CS|TS 24|AC  0|TAMS 0x000000008c500000, 0x000000008c500000|
| 118|0x000000008c600000, 0x000000008c700000, 0x000000008c700000|100%| E|CS|TS 24|AC  0|TAMS 0x000000008c600000, 0x000000008c600000|
| 119|0x000000008c700000, 0x000000008c800000, 0x000000008c800000|100%| E|CS|TS 24|AC  0|TAMS 0x000000008c700000, 0x000000008c700000|
| 120|0x000000008c800000, 0x000000008c900000, 0x000000008c900000|100%| E|CS|TS 24|AC  0|TAMS 0x000000008c800000, 0x000000008c800000|
| 121|0x000000008c900000, 0x000000008ca00000, 0x000000008ca00000|100%| E|CS|TS 24|AC  0|TAMS 0x000000008c900000, 0x000000008c900000|
| 122|0x000000008ca00000, 0x000000008cb00000, 0x000000008cb00000|100%| E|CS|TS 24|AC  0|TAMS 0x000000008ca00000, 0x000000008ca00000|
| 123|0x000000008cb00000, 0x000000008cc00000, 0x000000008cc00000|100%| E|CS|TS 24|AC  0|TAMS 0x000000008cb00000, 0x000000008cb00000|

Card table byte_map: [0x00007f9674ea1000,0x00007f9675279000] byte_map_base: 0x00007f9674a79000

Marking Bits (Prev, Next): (CMBitMap*) 0x00007f9670055068, (CMBitMap*) 0x00007f9670055030
 Prev Bits: [0x00007f9646140000, 0x00007f9648000000)
 Next Bits: [0x00007f9655c65000, 0x00007f9657b25000)

Polling page: 0x00007f9679d4d000

CodeHeap 'non-profiled nmethods': size=120032Kb used=5842Kb max_used=5842Kb free=114190Kb
 bounds [0x00007f965f5ed000, 0x00007f965fbad000, 0x00007f9666b25000]
CodeHeap 'profiled nmethods': size=120032Kb used=9625Kb max_used=9625Kb free=110406Kb
 bounds [0x00007f96580b5000, 0x00007f9658a35000, 0x00007f965f5ed000]
CodeHeap 'non-nmethods': size=5696Kb used=1279Kb max_used=1336Kb free=4417Kb
 bounds [0x00007f9657b25000, 0x00007f9657d95000, 0x00007f96580b5000]
 total_blobs=8638 nmethods=4781 adapters=611
 compilation: enabled

Compilation events (10 events):
Event: 2925.179 Thread 0x00007f9670172000 5592       3       java.util.Vector$Itr::<init> (6 bytes)
Event: 2925.179 Thread 0x00007f9670172000 nmethod 5592 0x00007f9658a25290 code [0x00007f9658a25460, 0x00007f9658a256f0]
Event: 2925.179 Thread 0x00007f9670172000 5594   !   3       java.awt.DefaultKeyboardFocusManager::dumpMarkers (106 bytes)
Event: 2925.180 Thread 0x00007f9670172000 nmethod 5594 0x00007f9658a25810 code [0x00007f9658a25b20, 0x00007f9658a26ed8]
Event: 2925.190 Thread 0x00007f9670172000 5595       3       sun.awt.X11.XAtom::getAtom (5 bytes)
Event: 2925.190 Thread 0x00007f9670172000 nmethod 5595 0x00007f9658a27610 code [0x00007f9658a277e0, 0x00007f9658a27ad0]
Event: 3734.648 Thread 0x00007f9670172000 5596   !   3       sun.awt.X11.XToolkit$1::dispatchEvent (34 bytes)
Event: 3734.649 Thread 0x00007f9670172000 nmethod 5596 0x00007f9658a27c10 code [0x00007f9658a27f20, 0x00007f9658a28f48]
Event: 3734.649 Thread 0x00007f9670172000 5597       3       sun.awt.X11.XMSelection$1::dispatchEvent (10 bytes)
Event: 3734.650 Thread 0x00007f9670172000 nmethod 5597 0x00007f9658a29510 code [0x00007f9658a29720, 0x00007f9658a29c18]

GC Heap History (10 events):
Event: 2079.542 GC heap before
{Heap before GC invocations=125 (full 0):
 garbage-first heap   total 126976K, used 106747K [0x0000000085000000, 0x0000000100000000)
  region size 1024K, 67 young (68608K), 1 survivors (1024K)
 Metaspace       used 24763K, capacity 25080K, committed 26240K, reserved 1073152K
  class space    used 2491K, capacity 2624K, committed 2944K, reserved 1048576K
}
Event: 2079.544 GC heap after
{Heap after GC invocations=126 (full 0):
 garbage-first heap   total 126976K, used 39167K [0x0000000085000000, 0x0000000100000000)
  region size 1024K, 1 young (1024K), 1 survivors (1024K)
 Metaspace       used 24763K, capacity 25080K, committed 26240K, reserved 1073152K
  class space    used 2491K, capacity 2624K, committed 2944K, reserved 1048576K
}
Event: 2109.896 GC heap before
{Heap before GC invocations=126 (full 0):
 garbage-first heap   total 126976K, used 107775K [0x0000000085000000, 0x0000000100000000)
  region size 1024K, 68 young (69632K), 1 survivors (1024K)
 Metaspace       used 24765K, capacity 25080K, committed 26240K, reserved 1073152K
  class space    used 2491K, capacity 2624K, committed 2944K, reserved 1048576K
}
Event: 2109.923 GC heap after
{Heap after GC invocations=127 (full 0):
 garbage-first heap   total 126976K, used 44421K [0x0000000085000000, 0x0000000100000000)
  region size 1024K, 6 young (6144K), 6 survivors (6144K)
 Metaspace       used 24765K, capacity 25080K, committed 26240K, reserved 1073152K
  class space    used 2491K, capacity 2624K, committed 2944K, reserved 1048576K
}
Event: 2110.546 GC heap before
{Heap before GC invocations=127 (full 0):
 garbage-first heap   total 126976K, used 102789K [0x0000000085000000, 0x0000000100000000)
  region size 1024K, 63 young (64512K), 6 survivors (6144K)
 Metaspace       used 24765K, capacity 25080K, committed 26240K, reserved 1073152K
  class space    used 2491K, capacity 2624K, committed 2944K, reserved 1048576K
}
Event: 2110.567 GC heap after
{Heap after GC invocations=128 (full 0):
 garbage-first heap   total 126976K, used 44940K [0x0000000085000000, 0x0000000100000000)
  region size 1024K, 1 young (1024K), 1 survivors (1024K)
 Metaspace       used 24765K, capacity 25080K, committed 26240K, reserved 1073152K
  class space    used 2491K, capacity 2624K, committed 2944K, reserved 1048576K
}
Event: 2111.105 GC heap before
{Heap before GC invocations=128 (full 0):
 garbage-first heap   total 126976K, used 105356K [0x0000000085000000, 0x0000000100000000)
  region size 1024K, 60 young (61440K), 1 survivors (1024K)
 Metaspace       used 24765K, capacity 25080K, committed 26240K, reserved 1073152K
  class space    used 2491K, capacity 2624K, committed 2944K, reserved 1048576K
}
Event: 2111.109 GC heap after
{Heap after GC invocations=129 (full 0):
 garbage-first heap   total 126976K, used 44590K [0x0000000085000000, 0x0000000100000000)
  region size 1024K, 1 young (1024K), 1 survivors (1024K)
 Metaspace       used 24765K, capacity 25080K, committed 26240K, reserved 1073152K
  class space    used 2491K, capacity 2624K, committed 2944K, reserved 1048576K
}
Event: 2111.839 GC heap before
{Heap before GC invocations=129 (full 0):
 garbage-first heap   total 126976K, used 106030K [0x0000000085000000, 0x0000000100000000)
  region size 1024K, 61 young (62464K), 1 survivors (1024K)
 Metaspace       used 24765K, capacity 25080K, committed 26240K, reserved 1073152K
  class space    used 2491K, capacity 2624K, committed 2944K, reserved 1048576K
}
Event: 2111.840 GC heap after
{Heap after GC invocations=130 (full 0):
 garbage-first heap   total 126976K, used 44448K [0x0000000085000000, 0x0000000100000000)
  region size 1024K, 1 young (1024K), 1 survivors (1024K)
 Metaspace       used 24765K, capacity 25080K, committed 26240K, reserved 1073152K
  class space    used 2491K, capacity 2624K, committed 2944K, reserved 1048576K
}

Deoptimization events (10 events):
Event: 1743.964 Thread 0x00007f96704ba000 Uncommon trap: reason=class_check action=maybe_recompile pc=0x00007f965f977df8 method=java.awt.DefaultKeyboardFocusManager.dispatchEvent(Ljava/awt/AWTEvent;)Z @ 469 c2
Event: 1944.612 Thread 0x00007f96704ba000 Uncommon trap: reason=unstable_if action=reinterpret pc=0x00007f965fa9050c method=sun.java2d.loops.ProcessPath.ProcessLine(Lsun/java2d/loops/ProcessPath$ProcessHandler;FFFF[I)V @ 477 c2
Event: 1944.633 Thread 0x00007f96704ba000 Uncommon trap: reason=range_check action=make_not_entrant pc=0x00007f965f824320 method=java.awt.geom.AffineTransform.<init>([D)V @ 7 c2
Event: 1962.260 Thread 0x00007f96704ba000 Uncommon trap: reason=class_check action=maybe_recompile pc=0x00007f965f977df8 method=java.awt.DefaultKeyboardFocusManager.dispatchEvent(Ljava/awt/AWTEvent;)Z @ 469 c2
Event: 1986.687 Thread 0x00007f9670459800 Uncommon trap: reason=unstable_if action=reinterpret pc=0x00007f965fb1c3fc method=sun.font.FontStrikeDesc.hashCode()I @ 4 c2
Event: 2022.328 Thread 0x00007f96704ba000 Uncommon trap: reason=unstable_if action=reinterpret pc=0x00007f965f87968c method=javax.swing.JComponent._paintImmediately(IIII)V @ 343 c2
Event: 2022.328 Thread 0x00007f96704ba000 Uncommon trap: reason=unstable_if action=reinterpret pc=0x00007f965f783ad0 method=javax.swing.JComponent.paintChildren(Ljava/awt/Graphics;)V @ 29 c2
Event: 2084.644 Thread 0x00007f96704ba000 Uncommon trap: reason=class_check action=maybe_recompile pc=0x00007f965fa28900 method=java.awt.Component.processEvent(Ljava/awt/AWTEvent;)V @ 121 c2
Event: 2102.923 Thread 0x00007f96704ba000 Uncommon trap: reason=class_check action=maybe_recompile pc=0x00007f965f977df8 method=java.awt.DefaultKeyboardFocusManager.dispatchEvent(Ljava/awt/AWTEvent;)Z @ 469 c2
Event: 3789.466 Thread 0x00007f967045b000 Uncommon trap: reason=unstable_if action=reinterpret pc=0x00007f965fba00c4 method=sun.awt.X11.XDropTargetEventProcessor.doProcessEvent(Lsun/awt/X11/XEvent;)Z @ 6 c2

Classes redefined (0 events):
No events

Internal exceptions (10 events):
Event: 759.561 Thread 0x00007f95d802d000 Exception <a 'java/lang/ClassCastException'{0x000000008a738ee0}: edsim51sh.instructions.mov.MovAdata cannot be cast to edsim51sh.instructions.branches.Branch> (0x000000008a738ee0) thrown at [/build/openjdk-lts-Ae5PRQ/openjdk-lts-10.0.2+13/src/hotspot/shar
Event: 759.561 Thread 0x00007f95d802d000 Exception <a 'java/lang/ClassCastException'{0x000000008a73a638}: edsim51sh.instructions.mov.MovRegData cannot be cast to edsim51sh.instructions.branches.Branch> (0x000000008a73a638) thrown at [/build/openjdk-lts-Ae5PRQ/openjdk-lts-10.0.2+13/src/hotspot/sh
Event: 759.561 Thread 0x00007f95d802d000 Exception <a 'java/lang/ClassCastException'{0x000000008a73ad80}: edsim51sh.instructions.add.AddAreg cannot be cast to edsim51sh.instructions.branches.Branch> (0x000000008a73ad80) thrown at [/build/openjdk-lts-Ae5PRQ/openjdk-lts-10.0.2+13/src/hotspot/share
Event: 759.561 Thread 0x00007f95d802d000 Exception <a 'java/lang/ClassCastException'{0x000000008a73b0e8}: edsim51sh.instructions.misc.Nop cannot be cast to edsim51sh.instructions.branches.Branch> (0x000000008a73b0e8) thrown at [/build/openjdk-lts-Ae5PRQ/openjdk-lts-10.0.2+13/src/hotspot/share/in
Event: 795.578 Thread 0x00007f95d802d000 Exception <a 'java/lang/ClassCastException'{0x000000008b3a0130}> (0x000000008b3a0130) thrown at [/build/openjdk-lts-Ae5PRQ/openjdk-lts-10.0.2+13/src/hotspot/share/runtime/sharedRuntime.cpp, line 600]
Event: 795.578 Thread 0x00007f95d802d000 Exception <a 'java/lang/ClassCastException'{0x000000008b3a0878}> (0x000000008b3a0878) thrown at [/build/openjdk-lts-Ae5PRQ/openjdk-lts-10.0.2+13/src/hotspot/share/runtime/sharedRuntime.cpp, line 600]
Event: 795.578 Thread 0x00007f95d802d000 Exception <a 'java/lang/ClassCastException'{0x000000008b3a0fc0}> (0x000000008b3a0fc0) thrown at [/build/openjdk-lts-Ae5PRQ/openjdk-lts-10.0.2+13/src/hotspot/share/runtime/sharedRuntime.cpp, line 600]
Event: 795.578 Thread 0x00007f95d802d000 Exception <a 'java/lang/ClassCastException'{0x000000008b3a1328}> (0x000000008b3a1328) thrown at [/build/openjdk-lts-Ae5PRQ/openjdk-lts-10.0.2+13/src/hotspot/share/runtime/sharedRuntime.cpp, line 600]
Event: 808.341 Thread 0x00007f95d802d000 Exception <a 'java/lang/ClassCastException'{0x000000008a3ec938}> (0x000000008a3ec938) thrown at [/build/openjdk-lts-Ae5PRQ/openjdk-lts-10.0.2+13/src/hotspot/share/runtime/sharedRuntime.cpp, line 600]
Event: 811.665 Thread 0x00007f95d802d000 Exception <a 'java/lang/ClassCastException'{0x000000008c50a338}: edsim51sh.instructions.mov.MovAdata cannot be cast to edsim51sh.instructions.branches.Branch> (0x000000008c50a338) thrown at [/build/openjdk-lts-Ae5PRQ/openjdk-lts-10.0.2+13/src/hotspot/shar

Events (10 events):
Event: 2816.043 Executing VM operation: BulkRevokeBias done
Event: 2879.502 Executing VM operation: RevokeBias
Event: 2879.502 Executing VM operation: RevokeBias done
Event: 2879.502 Executing VM operation: RevokeBias
Event: 2879.502 Executing VM operation: RevokeBias done
Event: 2925.180 Executing VM operation: BulkRevokeBias
Event: 2925.180 Executing VM operation: BulkRevokeBias done
Event: 3789.466 Thread 0x00007f967045b000 Uncommon trap: trap_request=0xffffff55 fr.pc=0x00007f965fba00c4 relative=0x0000000000000aa4
Event: 3789.467 Thread 0x00007f967045b000 DEOPT PACKING pc=0x00007f965fba00c4 sp=0x00007f95f1c897c0
Event: 3789.467 Thread 0x00007f967045b000 DEOPT UNPACKING pc=0x00007f9657b4cfa5 sp=0x00007f95f1c89770 mode 2


Dynamic libraries:
85000000-8cc00000 rw-p 00000000 00:00 0 
8cc00000-100000000 ---p 00000000 00:00 0 
100000000-1002e0000 rw-p 00000000 00:00 0 
1002e0000-140000000 ---p 00000000 00:00 0 
556e069c6000-556e069c7000 r-xp 00000000 08:07 1978373                    /usr/lib/jvm/java-11-openjdk-amd64/bin/java
556e06bc7000-556e06bc8000 r--p 00001000 08:07 1978373                    /usr/lib/jvm/java-11-openjdk-amd64/bin/java
556e06bc8000-556e06bc9000 rw-p 00002000 08:07 1978373                    /usr/lib/jvm/java-11-openjdk-amd64/bin/java
556e083fe000-556e0844a000 rw-p 00000000 00:00 0                          [heap]
7f95cc000000-7f95cc069000 rw-p 00000000 00:00 0 
7f95cc069000-7f95d0000000 ---p 00000000 00:00 0 
7f95d4000000-7f95d4021000 rw-p 00000000 00:00 0 
7f95d4021000-7f95d8000000 ---p 00000000 00:00 0 
7f95d8000000-7f95d8099000 rw-p 00000000 00:00 0 
7f95d8099000-7f95dc000000 ---p 00000000 00:00 0 
7f95dc000000-7f95dc021000 rw-p 00000000 00:00 0 
7f95dc021000-7f95e0000000 ---p 00000000 00:00 0 
7f95e0000000-7f95e0026000 rw-p 00000000 00:00 0 
7f95e0026000-7f95e4000000 ---p 00000000 00:00 0 
7f95e4000000-7f95e4021000 rw-p 00000000 00:00 0 
7f95e4021000-7f95e8000000 ---p 00000000 00:00 0 
7f95e8000000-7f95e8021000 rw-p 00000000 00:00 0 
7f95e8021000-7f95ec000000 ---p 00000000 00:00 0 
7f95ec000000-7f95ec021000 rw-p 00000000 00:00 0 
7f95ec021000-7f95f0000000 ---p 00000000 00:00 0 
7f95f08a3000-7f95f0963000 rw-p 00000000 00:00 0 
7f95f0963000-7f95f0aa3000 ---p 00000000 00:00 0 
7f95f0aa3000-7f95f0ca3000 rw-p 00000000 00:00 0 
7f95f0ca3000-7f95f0ca7000 ---p 00000000 00:00 0 
7f95f0ca7000-7f95f0da4000 rw-p 00000000 00:00 0 
7f95f0da4000-7f95f0da8000 ---p 00000000 00:00 0 
7f95f0da8000-7f95f0ea5000 rw-p 00000000 00:00 0 
7f95f0f88000-7f95f1188000 rw-p 00000000 00:00 0 
7f95f1188000-7f95f1388000 rw-p 00000000 00:00 0 
7f95f1388000-7f95f1588000 rw-p 00000000 00:00 0 
7f95f1588000-7f95f1788000 rw-p 00000000 00:00 0 
7f95f1788000-7f95f178c000 ---p 00000000 00:00 0 
7f95f178c000-7f95f1889000 rw-p 00000000 00:00 0 
7f95f1889000-7f95f188d000 ---p 00000000 00:00 0 
7f95f188d000-7f95f1b8a000 rw-p 00000000 00:00 0 
7f95f1b8a000-7f95f1b8e000 ---p 00000000 00:00 0 
7f95f1b8e000-7f95f1c8b000 rw-p 00000000 00:00 0 
7f95f1c8b000-7f95f1c8f000 ---p 00000000 00:00 0 
7f95f1c8f000-7f95f1d8c000 rw-p 00000000 00:00 0 
7f95f1d8c000-7f95f1d91000 r-xp 00000000 08:07 1190373                    /usr/lib/x86_64-linux-gnu/libXfixes.so.3.1.0
7f95f1d91000-7f95f1f90000 ---p 00005000 08:07 1190373                    /usr/lib/x86_64-linux-gnu/libXfixes.so.3.1.0
7f95f1f90000-7f95f1f91000 r--p 00004000 08:07 1190373                    /usr/lib/x86_64-linux-gnu/libXfixes.so.3.1.0
7f95f1f91000-7f95f1f92000 rw-p 00005000 08:07 1190373                    /usr/lib/x86_64-linux-gnu/libXfixes.so.3.1.0
7f95f1f92000-7f95f1f9b000 r-xp 00000000 08:07 1190365                    /usr/lib/x86_64-linux-gnu/libXcursor.so.1.0.2
7f95f1f9b000-7f95f219a000 ---p 00009000 08:07 1190365                    /usr/lib/x86_64-linux-gnu/libXcursor.so.1.0.2
7f95f219a000-7f95f219b000 r--p 00008000 08:07 1190365                    /usr/lib/x86_64-linux-gnu/libXcursor.so.1.0.2
7f95f219b000-7f95f219c000 rw-p 00009000 08:07 1190365                    /usr/lib/x86_64-linux-gnu/libXcursor.so.1.0.2
7f95f219c000-7f95f219d000 ---p 00000000 00:00 0 
7f95f219d000-7f95f299d000 rw-p 00000000 00:00 0 
7f95f299d000-7f95f299e000 ---p 00000000 00:00 0 
7f95f299e000-7f95f319e000 rw-p 00000000 00:00 0 
7f95f319e000-7f95f319f000 ---p 00000000 00:00 0 
7f95f319f000-7f95f399f000 rw-p 00000000 00:00 0 
7f95f399f000-7f95f39ab000 r-xp 00000000 08:07 1446651                    /usr/lib/x86_64-linux-gnu/gio/modules/libdconfsettings.so
7f95f39ab000-7f95f3baa000 ---p 0000c000 08:07 1446651                    /usr/lib/x86_64-linux-gnu/gio/modules/libdconfsettings.so
7f95f3baa000-7f95f3bab000 r--p 0000b000 08:07 1446651                    /usr/lib/x86_64-linux-gnu/gio/modules/libdconfsettings.so
7f95f3bab000-7f95f3bac000 rw-p 0000c000 08:07 1446651                    /usr/lib/x86_64-linux-gnu/gio/modules/libdconfsettings.so
7f95f3bac000-7f95f3bb2000 r-xp 00000000 08:07 3550736                    /lib/x86_64-linux-gnu/libuuid.so.1.3.0
7f95f3bb2000-7f95f3db1000 ---p 00006000 08:07 3550736                    /lib/x86_64-linux-gnu/libuuid.so.1.3.0
7f95f3db1000-7f95f3db2000 r--p 00005000 08:07 3550736                    /lib/x86_64-linux-gnu/libuuid.so.1.3.0
7f95f3db2000-7f95f3db3000 rw-p 00006000 08:07 3550736                    /lib/x86_64-linux-gnu/libuuid.so.1.3.0
7f95f3db3000-7f95f3dfa000 r-xp 00000000 08:07 3550754                    /lib/x86_64-linux-gnu/libblkid.so.1.1.0
7f95f3dfa000-7f95f3ffa000 ---p 00047000 08:07 3550754                    /lib/x86_64-linux-gnu/libblkid.so.1.1.0
7f95f3ffa000-7f95f3ffe000 r--p 00047000 08:07 3550754                    /lib/x86_64-linux-gnu/libblkid.so.1.1.0
7f95f3ffe000-7f95f3fff000 rw-p 0004b000 08:07 3550754                    /lib/x86_64-linux-gnu/libblkid.so.1.1.0
7f95f3fff000-7f95f4000000 rw-p 00000000 00:00 0 
7f95f4000000-7f95f4021000 rw-p 00000000 00:00 0 
7f95f4021000-7f95f8000000 ---p 00000000 00:00 0 
7f95f802e000-7f95f8048000 rw-s 00000000 00:05 557062                     /SYSV00000000 (deleted)
7f95f8048000-7f95f80b8000 r-xp 00000000 08:07 3550991                    /lib/x86_64-linux-gnu/libpcre.so.3.13.3
7f95f80b8000-7f95f82b8000 ---p 00070000 08:07 3550991                    /lib/x86_64-linux-gnu/libpcre.so.3.13.3
7f95f82b8000-7f95f82b9000 r--p 00070000 08:07 3550991                    /lib/x86_64-linux-gnu/libpcre.so.3.13.3
7f95f82b9000-7f95f82ba000 rw-p 00071000 08:07 3550991                    /lib/x86_64-linux-gnu/libpcre.so.3.13.3
7f95f82ba000-7f95f82c1000 r-xp 00000000 08:07 1190700                    /usr/lib/x86_64-linux-gnu/libffi.so.6.0.4
7f95f82c1000-7f95f84c0000 ---p 00007000 08:07 1190700                    /usr/lib/x86_64-linux-gnu/libffi.so.6.0.4
7f95f84c0000-7f95f84c1000 r--p 00006000 08:07 1190700                    /usr/lib/x86_64-linux-gnu/libffi.so.6.0.4
7f95f84c1000-7f95f84c2000 rw-p 00007000 08:07 1190700                    /usr/lib/x86_64-linux-gnu/libffi.so.6.0.4
7f95f84c2000-7f95f8513000 r-xp 00000000 08:07 3550895                    /lib/x86_64-linux-gnu/libmount.so.1.1.0
7f95f8513000-7f95f8712000 ---p 00051000 08:07 3550895                    /lib/x86_64-linux-gnu/libmount.so.1.1.0
7f95f8712000-7f95f8714000 r--p 00050000 08:07 3550895                    /lib/x86_64-linux-gnu/libmount.so.1.1.0
7f95f8714000-7f95f8715000 rw-p 00052000 08:07 3550895                    /lib/x86_64-linux-gnu/libmount.so.1.1.0
7f95f8715000-7f95f8716000 rw-p 00000000 00:00 0 
7f95f8716000-7f95f872d000 r-xp 00000000 08:07 3551008                    /lib/x86_64-linux-gnu/libresolv-2.27.so
7f95f872d000-7f95f892d000 ---p 00017000 08:07 3551008                    /lib/x86_64-linux-gnu/libresolv-2.27.so
7f95f892d000-7f95f892e000 r--p 00017000 08:07 3551008                    /lib/x86_64-linux-gnu/libresolv-2.27.so
7f95f892e000-7f95f892f000 rw-p 00018000 08:07 3551008                    /lib/x86_64-linux-gnu/libresolv-2.27.so
7f95f892f000-7f95f8931000 rw-p 00000000 00:00 0 
7f95f8931000-7f95f8956000 r-xp 00000000 08:07 3551014                    /lib/x86_64-linux-gnu/libselinux.so.1
7f95f8956000-7f95f8b55000 ---p 00025000 08:07 3551014                    /lib/x86_64-linux-gnu/libselinux.so.1
7f95f8b55000-7f95f8b56000 r--p 00024000 08:07 3551014                    /lib/x86_64-linux-gnu/libselinux.so.1
7f95f8b56000-7f95f8b57000 rw-p 00025000 08:07 3551014                    /lib/x86_64-linux-gnu/libselinux.so.1
7f95f8b57000-7f95f8b59000 rw-p 00000000 00:00 0 
7f95f8b59000-7f95f8c6c000 r-xp 00000000 08:07 1182959                    /usr/lib/x86_64-linux-gnu/libglib-2.0.so.0.5600.3
7f95f8c6c000-7f95f8e6c000 ---p 00113000 08:07 1182959                    /usr/lib/x86_64-linux-gnu/libglib-2.0.so.0.5600.3
7f95f8e6c000-7f95f8e6d000 r--p 00113000 08:07 1182959                    /usr/lib/x86_64-linux-gnu/libglib-2.0.so.0.5600.3
7f95f8e6d000-7f95f8e6e000 rw-p 00114000 08:07 1182959                    /usr/lib/x86_64-linux-gnu/libglib-2.0.so.0.5600.3
7f95f8e6e000-7f95f8e6f000 rw-p 00000000 00:00 0 
7f95f8e6f000-7f95f8e72000 r-xp 00000000 08:07 1182960                    /usr/lib/x86_64-linux-gnu/libgmodule-2.0.so.0.5600.3
7f95f8e72000-7f95f9071000 ---p 00003000 08:07 1182960                    /usr/lib/x86_64-linux-gnu/libgmodule-2.0.so.0.5600.3
7f95f9071000-7f95f9072000 r--p 00002000 08:07 1182960                    /usr/lib/x86_64-linux-gnu/libgmodule-2.0.so.0.5600.3
7f95f9072000-7f95f9073000 rw-p 00003000 08:07 1182960                    /usr/lib/x86_64-linux-gnu/libgmodule-2.0.so.0.5600.3
7f95f9073000-7f95f90c5000 r-xp 00000000 08:07 1182961                    /usr/lib/x86_64-linux-gnu/libgobject-2.0.so.0.5600.3
7f95f90c5000-7f95f92c5000 ---p 00052000 08:07 1182961                    /usr/lib/x86_64-linux-gnu/libgobject-2.0.so.0.5600.3
7f95f92c5000-7f95f92c6000 r--p 00052000 08:07 1182961                    /usr/lib/x86_64-linux-gnu/libgobject-2.0.so.0.5600.3
7f95f92c6000-7f95f92c7000 rw-p 00053000 08:07 1182961                    /usr/lib/x86_64-linux-gnu/libgobject-2.0.so.0.5600.3
7f95f92c7000-7f95f945c000 r-xp 00000000 08:07 1182958                    /usr/lib/x86_64-linux-gnu/libgio-2.0.so.0.5600.3
7f95f945c000-7f95f965c000 ---p 00195000 08:07 1182958                    /usr/lib/x86_64-linux-gnu/libgio-2.0.so.0.5600.3
7f95f965c000-7f95f9663000 r--p 00195000 08:07 1182958                    /usr/lib/x86_64-linux-gnu/libgio-2.0.so.0.5600.3
7f95f9663000-7f95f9664000 rw-p 0019c000 08:07 1182958                    /usr/lib/x86_64-linux-gnu/libgio-2.0.so.0.5600.3
7f95f9664000-7f95f9666000 rw-p 00000000 00:00 0 
7f95f9666000-7f95f9670000 r-xp 00000000 08:07 1190389                    /usr/lib/x86_64-linux-gnu/libXrandr.so.2.2.0
7f95f9670000-7f95f986f000 ---p 0000a000 08:07 1190389                    /usr/lib/x86_64-linux-gnu/libXrandr.so.2.2.0
7f95f986f000-7f95f9870000 r--p 00009000 08:07 1190389                    /usr/lib/x86_64-linux-gnu/libXrandr.so.2.2.0
7f95f9870000-7f95f9871000 rw-p 0000a000 08:07 1190389                    /usr/lib/x86_64-linux-gnu/libXrandr.so.2.2.0
7f95f9871000-7f95f98a2000 r-xp 00000000 08:07 1191222                    /usr/lib/x86_64-linux-gnu/libpng16.so.16.34.0
7f95f98a2000-7f95f9aa1000 ---p 00031000 08:07 1191222                    /usr/lib/x86_64-linux-gnu/libpng16.so.16.34.0
7f95f9aa1000-7f95f9aa2000 r--p 00030000 08:07 1191222                    /usr/lib/x86_64-linux-gnu/libpng16.so.16.34.0
7f95f9aa2000-7f95f9aa3000 rw-p 00031000 08:07 1191222                    /usr/lib/x86_64-linux-gnu/libpng16.so.16.34.0
7f95f9aa3000-7f95f9b50000 r-xp 00000000 08:07 1190732                    /usr/lib/x86_64-linux-gnu/libfreetype.so.6.15.0
7f95f9b50000-7f95f9d4f000 ---p 000ad000 08:07 1190732                    /usr/lib/x86_64-linux-gnu/libfreetype.so.6.15.0
7f95f9d4f000-7f95f9d56000 r--p 000ac000 08:07 1190732                    /usr/lib/x86_64-linux-gnu/libfreetype.so.6.15.0
7f95f9d56000-7f95f9d57000 rw-p 000b3000 08:07 1190732                    /usr/lib/x86_64-linux-gnu/libfreetype.so.6.15.0
7f95f9d57000-7f95f9dec000 r-xp 00000000 08:07 1978491                    /usr/lib/jvm/java-11-openjdk-amd64/lib/libfontmanager.so
7f95f9dec000-7f95f9fec000 ---p 00095000 08:07 1978491                    /usr/lib/jvm/java-11-openjdk-amd64/lib/libfontmanager.so
7f95f9fec000-7f95f9fed000 r--p 00095000 08:07 1978491                    /usr/lib/jvm/java-11-openjdk-amd64/lib/libfontmanager.so
7f95f9fed000-7f95f9fee000 rw-p 00096000 08:07 1978491                    /usr/lib/jvm/java-11-openjdk-amd64/lib/libfontmanager.so
7f95f9fee000-7f95fa1ef000 rw-p 00000000 00:00 0 
7f95fa1ef000-7f95fa202000 r-xp 00000000 08:07 3550865                    /lib/x86_64-linux-gnu/libbsd.so.0.8.7
7f95fa202000-7f95fa401000 ---p 00013000 08:07 3550865                    /lib/x86_64-linux-gnu/libbsd.so.0.8.7
7f95fa401000-7f95fa402000 r--p 00012000 08:07 3550865                    /lib/x86_64-linux-gnu/libbsd.so.0.8.7
7f95fa402000-7f95fa403000 rw-p 00013000 08:07 3550865                    /lib/x86_64-linux-gnu/libbsd.so.0.8.7
7f95fa403000-7f95fa404000 rw-p 00000000 00:00 0 
7f95fa404000-7f95fa409000 r-xp 00000000 08:07 1190369                    /usr/lib/x86_64-linux-gnu/libXdmcp.so.6.0.0
7f95fa409000-7f95fa608000 ---p 00005000 08:07 1190369                    /usr/lib/x86_64-linux-gnu/libXdmcp.so.6.0.0
7f95fa608000-7f95fa609000 r--p 00004000 08:07 1190369                    /usr/lib/x86_64-linux-gnu/libXdmcp.so.6.0.0
7f95fa609000-7f95fa60a000 rw-p 00005000 08:07 1190369                    /usr/lib/x86_64-linux-gnu/libXdmcp.so.6.0.0
7f95fa60a000-7f95fa60c000 r-xp 00000000 08:07 1190358                    /usr/lib/x86_64-linux-gnu/libXau.so.6.0.0
7f95fa60c000-7f95fa80c000 ---p 00002000 08:07 1190358                    /usr/lib/x86_64-linux-gnu/libXau.so.6.0.0
7f95fa80c000-7f95fa80d000 r--p 00002000 08:07 1190358                    /usr/lib/x86_64-linux-gnu/libXau.so.6.0.0
7f95fa80d000-7f95fa80e000 rw-p 00003000 08:07 1190358                    /usr/lib/x86_64-linux-gnu/libXau.so.6.0.0
7f95fa80e000-7f95fa834000 r-xp 00000000 08:07 1191562                    /usr/lib/x86_64-linux-gnu/libxcb.so.1.1.0
7f95fa834000-7f95faa34000 ---p 00026000 08:07 1191562                    /usr/lib/x86_64-linux-gnu/libxcb.so.1.1.0
7f95faa34000-7f95faa35000 r--p 00026000 08:07 1191562                    /usr/lib/x86_64-linux-gnu/libxcb.so.1.1.0
7f95faa35000-7f95faa36000 rw-p 00027000 08:07 1191562                    /usr/lib/x86_64-linux-gnu/libxcb.so.1.1.0
7f95faa36000-7f95faa45000 r-xp 00000000 08:07 1190379                    /usr/lib/x86_64-linux-gnu/libXi.so.6.1.0
7f95faa45000-7f95fac44000 ---p 0000f000 08:07 1190379                    /usr/lib/x86_64-linux-gnu/libXi.so.6.1.0
7f95fac44000-7f95fac45000 r--p 0000e000 08:07 1190379                    /usr/lib/x86_64-linux-gnu/libXi.so.6.1.0
7f95fac45000-7f95fac46000 rw-p 0000f000 08:07 1190379                    /usr/lib/x86_64-linux-gnu/libXi.so.6.1.0
7f95fac46000-7f95fac4b000 r-xp 00000000 08:07 1190397                    /usr/lib/x86_64-linux-gnu/libXtst.so.6.1.0
7f95fac4b000-7f95fae4a000 ---p 00005000 08:07 1190397                    /usr/lib/x86_64-linux-gnu/libXtst.so.6.1.0
7f95fae4a000-7f95fae4b000 r--p 00004000 08:07 1190397                    /usr/lib/x86_64-linux-gnu/libXtst.so.6.1.0
7f95fae4b000-7f95fae4c000 rw-p 00005000 08:07 1190397                    /usr/lib/x86_64-linux-gnu/libXtst.so.6.1.0
7f95fae4c000-7f95fae55000 r-xp 00000000 08:07 1190391                    /usr/lib/x86_64-linux-gnu/libXrender.so.1.3.0
7f95fae55000-7f95fb054000 ---p 00009000 08:07 1190391                    /usr/lib/x86_64-linux-gnu/libXrender.so.1.3.0
7f95fb054000-7f95fb055000 r--p 00008000 08:07 1190391                    /usr/lib/x86_64-linux-gnu/libXrender.so.1.3.0
7f95fb055000-7f95fb056000 rw-p 00009000 08:07 1190391                    /usr/lib/x86_64-linux-gnu/libXrender.so.1.3.0
7f95fb056000-7f95fb189000 r-xp 00000000 08:07 1191187                    /usr/lib/x86_64-linux-gnu/libX11.so.6.3.0
7f95fb189000-7f95fb389000 ---p 00133000 08:07 1191187                    /usr/lib/x86_64-linux-gnu/libX11.so.6.3.0
7f95fb389000-7f95fb38a000 r--p 00133000 08:07 1191187                    /usr/lib/x86_64-linux-gnu/libX11.so.6.3.0
7f95fb38a000-7f95fb38e000 rw-p 00134000 08:07 1191187                    /usr/lib/x86_64-linux-gnu/libX11.so.6.3.0
7f95fb38e000-7f95fb39f000 r-xp 00000000 08:07 1190371                    /usr/lib/x86_64-linux-gnu/libXext.so.6.4.0
7f95fb39f000-7f95fb59e000 ---p 00011000 08:07 1190371                    /usr/lib/x86_64-linux-gnu/libXext.so.6.4.0
7f95fb59e000-7f95fb59f000 r--p 00010000 08:07 1190371                    /usr/lib/x86_64-linux-gnu/libXext.so.6.4.0
7f95fb59f000-7f95fb5a0000 rw-p 00011000 08:07 1190371                    /usr/lib/x86_64-linux-gnu/libXext.so.6.4.0
7f95fb5a0000-7f95fb5ff000 r-xp 00000000 08:07 1978488                    /usr/lib/jvm/java-11-openjdk-amd64/lib/libawt_xawt.so
7f95fb5ff000-7f95fb7fe000 ---p 0005f000 08:07 1978488                    /usr/lib/jvm/java-11-openjdk-amd64/lib/libawt_xawt.so
7f95fb7fe000-7f95fb7ff000 r--p 0005e000 08:07 1978488                    /usr/lib/jvm/java-11-openjdk-amd64/lib/libawt_xawt.so
7f95fb7ff000-7f95fb802000 rw-p 0005f000 08:07 1978488                    /usr/lib/jvm/java-11-openjdk-amd64/lib/libawt_xawt.so
7f95fb802000-7f95fb804000 rw-p 00000000 00:00 0 
7f95fb804000-7f95fb8a4000 r-xp 00000000 08:07 1978486                    /usr/lib/jvm/java-11-openjdk-amd64/lib/libawt.so
7f95fb8a4000-7f95fbaa4000 ---p 000a0000 08:07 1978486                    /usr/lib/jvm/java-11-openjdk-amd64/lib/libawt.so
7f95fbaa4000-7f95fbaa5000 r--p 000a0000 08:07 1978486                    /usr/lib/jvm/java-11-openjdk-amd64/lib/libawt.so
7f95fbaa5000-7f95fbab0000 rw-p 000a1000 08:07 1978486                    /usr/lib/jvm/java-11-openjdk-amd64/lib/libawt.so
7f95fbab0000-7f95fbad5000 rw-p 00000000 00:00 0 
7f95fbad5000-7f95fbaec000 r-xp 00000000 08:07 1978509                    /usr/lib/jvm/java-11-openjdk-amd64/lib/libnet.so
7f95fbaec000-7f95fbceb000 ---p 00017000 08:07 1978509                    /usr/lib/jvm/java-11-openjdk-amd64/lib/libnet.so
7f95fbceb000-7f95fbcec000 r--p 00016000 08:07 1978509                    /usr/lib/jvm/java-11-openjdk-amd64/lib/libnet.so
7f95fbcec000-7f95fbced000 rw-p 00017000 08:07 1978509                    /usr/lib/jvm/java-11-openjdk-amd64/lib/libnet.so
7f95fbced000-7f95fbcfe000 r-xp 00000000 08:07 1978510                    /usr/lib/jvm/java-11-openjdk-amd64/lib/libnio.so
7f95fbcfe000-7f95fbefd000 ---p 00011000 08:07 1978510                    /usr/lib/jvm/java-11-openjdk-amd64/lib/libnio.so
7f95fbefd000-7f95fbefe000 r--p 00010000 08:07 1978510                    /usr/lib/jvm/java-11-openjdk-amd64/lib/libnio.so
7f95fbefe000-7f95fbeff000 rw-p 00011000 08:07 1978510                    /usr/lib/jvm/java-11-openjdk-amd64/lib/libnio.so
7f95fbeff000-7f95fbf03000 ---p 00000000 00:00 0 
7f95fbf03000-7f95fc000000 rw-p 00000000 00:00 0 
7f95fc000000-7f95fc021000 rw-p 00000000 00:00 0 
7f95fc021000-7f9600000000 ---p 00000000 00:00 0 
7f9600000000-7f9600021000 rw-p 00000000 00:00 0 
7f9600021000-7f9604000000 ---p 00000000 00:00 0 
7f9604000000-7f960465a000 rw-p 00000000 00:00 0 
7f960465a000-7f9608000000 ---p 00000000 00:00 0 
7f9608000000-7f9608021000 rw-p 00000000 00:00 0 
7f9608021000-7f960c000000 ---p 00000000 00:00 0 
7f960c000000-7f960dda5000 rw-p 00000000 00:00 0 
7f960dda5000-7f9610000000 ---p 00000000 00:00 0 
7f9610000000-7f96124e2000 rw-p 00000000 00:00 0 
7f96124e2000-7f9614000000 ---p 00000000 00:00 0 
7f9614000000-7f9614021000 rw-p 00000000 00:00 0 
7f9614021000-7f9618000000 ---p 00000000 00:00 0 
7f9618000000-7f9618021000 rw-p 00000000 00:00 0 
7f9618021000-7f961c000000 ---p 00000000 00:00 0 
7f961c000000-7f961c23c000 rw-p 00000000 00:00 0 
7f961c23c000-7f9620000000 ---p 00000000 00:00 0 
7f9620000000-7f9620021000 rw-p 00000000 00:00 0 
7f9620021000-7f9624000000 ---p 00000000 00:00 0 
7f9624000000-7f9624021000 rw-p 00000000 00:00 0 
7f9624021000-7f9628000000 ---p 00000000 00:00 0 
7f9628000000-7f9628021000 rw-p 00000000 00:00 0 
7f9628021000-7f962c000000 ---p 00000000 00:00 0 
7f962c000000-7f962c021000 rw-p 00000000 00:00 0 
7f962c021000-7f9630000000 ---p 00000000 00:00 0 
7f9630000000-7f9630021000 rw-p 00000000 00:00 0 
7f9630021000-7f9634000000 ---p 00000000 00:00 0 
7f9634000000-7f9634021000 rw-p 00000000 00:00 0 
7f9634021000-7f9638000000 ---p 00000000 00:00 0 
7f9638000000-7f9638021000 rw-p 00000000 00:00 0 
7f9638021000-7f963c000000 ---p 00000000 00:00 0 
7f963c000000-7f963c021000 rw-p 00000000 00:00 0 
7f963c021000-7f9640000000 ---p 00000000 00:00 0 
7f9640000000-7f9640021000 rw-p 00000000 00:00 0 
7f9640021000-7f9644000000 ---p 00000000 00:00 0 
7f9644002000-7f964400d000 r--s 00000000 08:07 2381098                    /var/cache/fontconfig/945677eb7aeaf62f1d50efc3fb3ec7d8-le64.cache-7
7f964400d000-7f9644012000 r--s 00000000 08:07 2381069                    /var/cache/fontconfig/2300eef321c393bfd76478a5c0e95b23-le64.cache-7
7f9644012000-7f9644013000 r--s 00000000 08:07 2381062                    /var/cache/fontconfig/0d8c3b2ac0904cb8a57a757ad11a4a08-le64.cache-7
7f9644013000-7f9644017000 r--s 00000000 08:07 2391196                    /var/cache/fontconfig/de156ccd2eddbdc19d37a45b8b2aac9c-le64.cache-7
7f9644017000-7f964402c000 r--s 00000000 08:07 2381058                    /var/cache/fontconfig/04aabc0a78ac019cf9454389977116d2-le64.cache-7
7f964402c000-7f964402d000 r--s 00000000 08:07 2381066                    /var/cache/fontconfig/1ac9eb803944fde146138c791f5cc56a-le64.cache-7
7f964402d000-7f964402e000 r--s 00000000 08:07 2381117                    /var/cache/fontconfig/dc05db6664285cc2f12bf69c139ae4c3-le64.cache-7
7f964402e000-7f9644030000 r--s 00000000 08:07 2381063                    /var/cache/fontconfig/14a5e22175779b556eaa434240950366-le64.cache-7
7f9644030000-7f9644031000 r--s 00000000 08:07 2381090                    /var/cache/fontconfig/660208299946a285a940457d1287da33-le64.cache-7
7f9644031000-7f9644033000 r--s 00000000 08:07 2381081                    /var/cache/fontconfig/4f3e3037c9980c83b53a9351efadef62-le64.cache-7
7f9644033000-7f9644035000 r--s 00000000 08:07 2381095                    /var/cache/fontconfig/767a8244fc0220cfb567a839d0392e0b-le64.cache-7
7f9644035000-7f964403a000 r--s 00000000 08:07 2381118                    /var/cache/fontconfig/def309198bfa603429122923fa2bb2d4-le64.cache-7
7f964403a000-7f964403e000 r--s 00000000 08:07 2381310                    /var/cache/fontconfig/c57959a16110560c8d0fcea73374aeeb-le64.cache-7
7f964403e000-7f964403f000 ---p 00000000 00:00 0 
7f964403f000-7f9646330000 rw-p 00000000 00:00 0 
7f9646330000-7f9648000000 ---p 00000000 00:00 0 
7f9648000000-7f9648021000 rw-p 00000000 00:00 0 
7f9648021000-7f964c000000 ---p 00000000 00:00 0 
7f964c000000-7f964c021000 rw-p 00000000 00:00 0 
7f964c021000-7f9650000000 ---p 00000000 00:00 0 
7f9650000000-7f9650021000 rw-p 00000000 00:00 0 
7f9650021000-7f9654000000 ---p 00000000 00:00 0 
7f9654000000-7f9654001000 r--s 00000000 08:07 2378572                    /var/cache/fontconfig/4794a0821666d79190d59a36cb4f44b5-le64.cache-7
7f9654001000-7f9654003000 r--s 00000000 08:07 2378571                    /var/cache/fontconfig/0bd3dc0958fa2205aaaa8ebb13e2872b-le64.cache-7
7f9654003000-7f9654004000 r--s 00000000 08:07 2381106                    /var/cache/fontconfig/b872e6e592da6075ffa4ab0a1fcc0c75-le64.cache-7
7f9654004000-7f9654005000 r--s 00000000 08:07 2381123                    /var/cache/fontconfig/f6d4eedfaab2589bde49f7a3ff831d22-le64.cache-7
7f9654005000-7f9654006000 r--s 00000000 08:07 2381088                    /var/cache/fontconfig/589f83ef4c36d296ce6e1c846f468f08-le64.cache-7
7f9654006000-7f9654007000 r--s 00000000 08:07 2381108                    /var/cache/fontconfig/bab58bb527bb656aaa9f116d68a48d89-le64.cache-7
7f9654007000-7f9654008000 r--s 00000000 08:07 2381067                    /var/cache/fontconfig/2171a34dccabdb6bcbbc728186263178-le64.cache-7
7f9654008000-7f9654009000 r--s 00000000 08:07 2381109                    /var/cache/fontconfig/c5c45a61289222e0d30b1a26ef4effbe-le64.cache-7
7f9654009000-7f965400a000 r--s 00000000 08:07 2381104                    /var/cache/fontconfig/aec30016f93e1b46d1a973dce0d74068-le64.cache-7
7f965400a000-7f965400b000 r--s 00000000 08:07 2381074                    /var/cache/fontconfig/3f589640d34b7dc9042c8d453f7c8b9c-le64.cache-7
7f965400b000-7f965400c000 r--s 00000000 08:07 2381064                    /var/cache/fontconfig/16c2fda60d1b4b719f4b3d06fd951d25-le64.cache-7
7f965400c000-7f965400d000 r--s 00000000 08:07 2381103                    /var/cache/fontconfig/a48eab177a16e4f3713381162db2f3e9-le64.cache-7
7f965400d000-7f965400e000 r--s 00000000 08:07 2381084                    /var/cache/fontconfig/564b2e68ac9bc4e36a6f7f6d6125ec1c-le64.cache-7
7f965400e000-7f9654014000 r--s 00000000 08:07 2378569                    /var/cache/fontconfig/3047814df9a2f067bd2d96a2b9c36e5a-le64.cache-7
7f9654014000-7f9654018000 ---p 00000000 00:00 0 
7f9654018000-7f9654115000 rw-p 00000000 00:00 0 
7f9654115000-7f9654119000 ---p 00000000 00:00 0 
7f9654119000-7f9654216000 rw-p 00000000 00:00 0 
7f9654216000-7f965421a000 ---p 00000000 00:00 0 
7f965421a000-7f9654317000 rw-p 00000000 00:00 0 
7f9654317000-7f965431b000 ---p 00000000 00:00 0 
7f965431b000-7f9654418000 rw-p 00000000 00:00 0 
7f9654418000-7f965441c000 ---p 00000000 00:00 0 
7f965441c000-7f9654519000 rw-p 00000000 00:00 0 
7f9654519000-7f965451d000 ---p 00000000 00:00 0 
7f965451d000-7f965461a000 rw-p 00000000 00:00 0 
7f965461a000-7f9654fe9000 r--p 00000000 08:07 1188805                    /usr/lib/locale/locale-archive
7f9654fe9000-7f9654fed000 ---p 00000000 00:00 0 
7f9654fed000-7f96550ea000 rw-p 00000000 00:00 0 
7f96550ea000-7f96550ee000 ---p 00000000 00:00 0 
7f96550ee000-7f96551eb000 rw-p 00000000 00:00 0 
7f96551eb000-7f96551ec000 ---p 00000000 00:00 0 
7f96551ec000-7f9655b63000 rw-p 00000000 00:00 0 
7f9655b63000-7f9655b64000 ---p 00000000 00:00 0 
7f9655b64000-7f9655e55000 rw-p 00000000 00:00 0 
7f9655e55000-7f9657b25000 ---p 00000000 00:00 0 
7f9657b25000-7f9657d95000 rwxp 00000000 00:00 0 
7f9657d95000-7f96580b5000 ---p 00000000 00:00 0 
7f96580b5000-7f9658a35000 rwxp 00000000 00:00 0 
7f9658a35000-7f965f5ed000 ---p 00000000 00:00 0 
7f965f5ed000-7f965fbad000 rwxp 00000000 00:00 0 
7f965fbad000-7f9666b25000 ---p 00000000 00:00 0 
7f9666b25000-7f9670000000 r--s 00000000 08:07 1978519                    /usr/lib/jvm/java-11-openjdk-amd64/lib/modules
7f9670000000-7f96706cf000 rw-p 00000000 00:00 0 
7f96706cf000-7f9674000000 ---p 00000000 00:00 0 
7f9674000000-7f9674005000 r--s 00000000 08:07 2378570                    /var/cache/fontconfig/9d2451b1fd30e5bffe8383fd27c35478-le64.cache-7
7f9674005000-7f9674006000 r--s 00000000 08:07 2381085                    /var/cache/fontconfig/56cf4f4769d0f4abc89a4895d7bd3ae1-le64.cache-7
7f9674006000-7f9674007000 r--s 00000000 08:07 2381107                    /var/cache/fontconfig/b9d506c9ac06c20b433354fa67a72993-le64.cache-7
7f9674007000-7f967400d000 r--s 00000000 08:07 2381105                    /var/cache/fontconfig/b47c4e1ecd0709278f4910c18777a504-le64.cache-7
7f967400d000-7f9674020000 r--s 00000000 08:07 2381114                    /var/cache/fontconfig/d52a8644073d54c13679302ca1180695-le64.cache-7
7f9674020000-7f9674021000 r--s 00000000 08:07 2381072                    /var/cache/fontconfig/370e5b74bf5dafc30834de68e24a87a4-le64.cache-7
7f9674021000-7f9674022000 r--s 00000000 08:07 2381093                    /var/cache/fontconfig/6b2c5944714ca7831b25bed9e85cb5c8-le64.cache-7
7f9674022000-7f9674025000 r--s 00000000 08:07 2381122                    /var/cache/fontconfig/f259c2cffa685e28062317905db73c4a-le64.cache-7
7f9674025000-7f9674031000 r--s 00000000 08:07 2390188                    /var/cache/fontconfig/d589a48862398ed80a3d6066f4f56f4c-le64.cache-7
7f9674031000-7f967405e000 r--p 00000000 08:07 1577510                    /usr/share/glib-2.0/schemas/gschemas.compiled
7f967405e000-7f96740b9000 rw-p 00000000 00:00 0 
7f96740b9000-7f96740ba000 ---p 00000000 00:00 0 
7f96740ba000-7f96741bb000 rw-p 00000000 00:00 0 
7f96741bb000-7f96741bc000 ---p 00000000 00:00 0 
7f96741bc000-7f96742bd000 rw-p 00000000 00:00 0 
7f96742bd000-7f96742be000 ---p 00000000 00:00 0 
7f96742be000-7f96743bf000 rw-p 00000000 00:00 0 
7f96743bf000-7f96743c0000 ---p 00000000 00:00 0 
7f96743c0000-7f96748c5000 rw-p 00000000 00:00 0 
7f96748c5000-7f96748c6000 ---p 00000000 00:00 0 
7f96748c6000-7f96749c7000 rw-p 00000000 00:00 0 
7f96749c7000-7f96749c8000 ---p 00000000 00:00 0 
7f96749c8000-7f9674b07000 rw-p 00000000 00:00 0 
7f9674b07000-7f9674ea1000 ---p 00000000 00:00 0 
7f9674ea1000-7f9674edf000 rw-p 00000000 00:00 0 
7f9674edf000-7f9675279000 ---p 00000000 00:00 0 
7f9675279000-7f96752b7000 rw-p 00000000 00:00 0 
7f96752b7000-7f9675651000 ---p 00000000 00:00 0 
7f9675651000-7f9675a55000 rw-p 00000000 00:00 0 
7f9675a55000-7f9675a56000 ---p 00000000 00:00 0 
7f9675a56000-7f9675b57000 rw-p 00000000 00:00 0 
7f9675b57000-7f9675b58000 ---p 00000000 00:00 0 
7f9675b58000-7f9675c59000 rw-p 00000000 00:00 0 
7f9675c59000-7f9675c5a000 ---p 00000000 00:00 0 
7f9675c5a000-7f9675d5b000 rw-p 00000000 00:00 0 
7f9675d5b000-7f9675d5c000 ---p 00000000 00:00 0 
7f9675d5c000-7f9675e69000 rw-p 00000000 00:00 0 
7f9675e69000-7f9675f48000 ---p 00000000 00:00 0 
7f9675f48000-7f9675f5b000 rw-p 00000000 00:00 0 
7f9675f5b000-7f9676033000 ---p 00000000 00:00 0 
7f9676033000-7f9676038000 r-xp 00000000 08:07 1978501                    /usr/lib/jvm/java-11-openjdk-amd64/lib/libjimage.so
7f9676038000-7f9676237000 ---p 00005000 08:07 1978501                    /usr/lib/jvm/java-11-openjdk-amd64/lib/libjimage.so
7f9676237000-7f9676238000 r--p 00004000 08:07 1978501                    /usr/lib/jvm/java-11-openjdk-amd64/lib/libjimage.so
7f9676238000-7f9676239000 rw-p 00005000 08:07 1978501                    /usr/lib/jvm/java-11-openjdk-amd64/lib/libjimage.so
7f9676239000-7f9676240000 r-xp 00000000 08:07 1978518                    /usr/lib/jvm/java-11-openjdk-amd64/lib/libzip.so
7f9676240000-7f967643f000 ---p 00007000 08:07 1978518                    /usr/lib/jvm/java-11-openjdk-amd64/lib/libzip.so
7f967643f000-7f9676440000 r--p 00006000 08:07 1978518                    /usr/lib/jvm/java-11-openjdk-amd64/lib/libzip.so
7f9676440000-7f9676441000 rw-p 00007000 08:07 1978518                    /usr/lib/jvm/java-11-openjdk-amd64/lib/libzip.so
7f9676441000-7f967644c000 r-xp 00000000 08:07 3550959                    /lib/x86_64-linux-gnu/libnss_files-2.27.so
7f967644c000-7f967664b000 ---p 0000b000 08:07 3550959                    /lib/x86_64-linux-gnu/libnss_files-2.27.so
7f967664b000-7f967664c000 r--p 0000a000 08:07 3550959                    /lib/x86_64-linux-gnu/libnss_files-2.27.so
7f967664c000-7f967664d000 rw-p 0000b000 08:07 3550959                    /lib/x86_64-linux-gnu/libnss_files-2.27.so
7f967664d000-7f9676653000 rw-p 00000000 00:00 0 
7f9676653000-7f967666a000 r-xp 00000000 08:07 3550953                    /lib/x86_64-linux-gnu/libnsl-2.27.so
7f967666a000-7f9676869000 ---p 00017000 08:07 3550953                    /lib/x86_64-linux-gnu/libnsl-2.27.so
7f9676869000-7f967686a000 r--p 00016000 08:07 3550953                    /lib/x86_64-linux-gnu/libnsl-2.27.so
7f967686a000-7f967686b000 rw-p 00017000 08:07 3550953                    /lib/x86_64-linux-gnu/libnsl-2.27.so
7f967686b000-7f967686d000 rw-p 00000000 00:00 0 
7f967686d000-7f9676878000 r-xp 00000000 08:07 3550970                    /lib/x86_64-linux-gnu/libnss_nis-2.27.so
7f9676878000-7f9676a77000 ---p 0000b000 08:07 3550970                    /lib/x86_64-linux-gnu/libnss_nis-2.27.so
7f9676a77000-7f9676a78000 r--p 0000a000 08:07 3550970                    /lib/x86_64-linux-gnu/libnss_nis-2.27.so
7f9676a78000-7f9676a79000 rw-p 0000b000 08:07 3550970                    /lib/x86_64-linux-gnu/libnss_nis-2.27.so
7f9676a79000-7f9676a81000 r-xp 00000000 08:07 3550955                    /lib/x86_64-linux-gnu/libnss_compat-2.27.so
7f9676a81000-7f9676c81000 ---p 00008000 08:07 3550955                    /lib/x86_64-linux-gnu/libnss_compat-2.27.so
7f9676c81000-7f9676c82000 r--p 00008000 08:07 3550955                    /lib/x86_64-linux-gnu/libnss_compat-2.27.so
7f9676c82000-7f9676c83000 rw-p 00009000 08:07 3550955                    /lib/x86_64-linux-gnu/libnss_compat-2.27.so
7f9676c83000-7f9676caf000 r-xp 00000000 08:07 1978497                    /usr/lib/jvm/java-11-openjdk-amd64/lib/libjava.so
7f9676caf000-7f9676eae000 ---p 0002c000 08:07 1978497                    /usr/lib/jvm/java-11-openjdk-amd64/lib/libjava.so
7f9676eae000-7f9676eaf000 r--p 0002b000 08:07 1978497                    /usr/lib/jvm/java-11-openjdk-amd64/lib/libjava.so
7f9676eaf000-7f9676eb1000 rw-p 0002c000 08:07 1978497                    /usr/lib/jvm/java-11-openjdk-amd64/lib/libjava.so
7f9676eb1000-7f9676ebe000 r-xp 00000000 08:07 1978517                    /usr/lib/jvm/java-11-openjdk-amd64/lib/libverify.so
7f9676ebe000-7f96770bd000 ---p 0000d000 08:07 1978517                    /usr/lib/jvm/java-11-openjdk-amd64/lib/libverify.so
7f96770bd000-7f96770bf000 r--p 0000c000 08:07 1978517                    /usr/lib/jvm/java-11-openjdk-amd64/lib/libverify.so
7f96770bf000-7f96770c0000 rw-p 0000e000 08:07 1978517                    /usr/lib/jvm/java-11-openjdk-amd64/lib/libverify.so
7f96770c0000-7f96770c7000 r-xp 00000000 08:07 3551010                    /lib/x86_64-linux-gnu/librt-2.27.so
7f96770c7000-7f96772c6000 ---p 00007000 08:07 3551010                    /lib/x86_64-linux-gnu/librt-2.27.so
7f96772c6000-7f96772c7000 r--p 00006000 08:07 3551010                    /lib/x86_64-linux-gnu/librt-2.27.so
7f96772c7000-7f96772c8000 rw-p 00007000 08:07 3551010                    /lib/x86_64-linux-gnu/librt-2.27.so
7f96772c8000-7f96772df000 r-xp 00000000 08:07 3545862                    /lib/x86_64-linux-gnu/libgcc_s.so.1
7f96772df000-7f96774de000 ---p 00017000 08:07 3545862                    /lib/x86_64-linux-gnu/libgcc_s.so.1
7f96774de000-7f96774df000 r--p 00016000 08:07 3545862                    /lib/x86_64-linux-gnu/libgcc_s.so.1
7f96774df000-7f96774e0000 rw-p 00017000 08:07 3545862                    /lib/x86_64-linux-gnu/libgcc_s.so.1
7f96774e0000-7f967767d000 r-xp 00000000 08:07 3550932                    /lib/x86_64-linux-gnu/libm-2.27.so
7f967767d000-7f967787c000 ---p 0019d000 08:07 3550932                    /lib/x86_64-linux-gnu/libm-2.27.so
7f967787c000-7f967787d000 r--p 0019c000 08:07 3550932                    /lib/x86_64-linux-gnu/libm-2.27.so
7f967787d000-7f967787e000 rw-p 0019d000 08:07 3550932                    /lib/x86_64-linux-gnu/libm-2.27.so
7f967787e000-7f96779f7000 r-xp 00000000 08:07 1184647                    /usr/lib/x86_64-linux-gnu/libstdc++.so.6.0.25
7f96779f7000-7f9677bf7000 ---p 00179000 08:07 1184647                    /usr/lib/x86_64-linux-gnu/libstdc++.so.6.0.25
7f9677bf7000-7f9677c01000 r--p 00179000 08:07 1184647                    /usr/lib/x86_64-linux-gnu/libstdc++.so.6.0.25
7f9677c01000-7f9677c03000 rw-p 00183000 08:07 1184647                    /usr/lib/x86_64-linux-gnu/libstdc++.so.6.0.25
7f9677c03000-7f9677c07000 rw-p 00000000 00:00 0 
7f9677c07000-7f9678ba4000 r-xp 00000000 08:07 2122149                    /usr/lib/jvm/java-11-openjdk-amd64/lib/server/libjvm.so
7f9678ba4000-7f9678da4000 ---p 00f9d000 08:07 2122149                    /usr/lib/jvm/java-11-openjdk-amd64/lib/server/libjvm.so
7f9678da4000-7f9678e68000 r--p 00f9d000 08:07 2122149                    /usr/lib/jvm/java-11-openjdk-amd64/lib/server/libjvm.so
7f9678e68000-7f9678ea0000 rw-p 01061000 08:07 2122149                    /usr/lib/jvm/java-11-openjdk-amd64/lib/server/libjvm.so
7f9678ea0000-7f9678ee9000 rw-p 00000000 00:00 0 
7f9678ee9000-7f9678f03000 r-xp 00000000 08:07 3551002                    /lib/x86_64-linux-gnu/libpthread-2.27.so
7f9678f03000-7f9679102000 ---p 0001a000 08:07 3551002                    /lib/x86_64-linux-gnu/libpthread-2.27.so
7f9679102000-7f9679103000 r--p 00019000 08:07 3551002                    /lib/x86_64-linux-gnu/libpthread-2.27.so
7f9679103000-7f9679104000 rw-p 0001a000 08:07 3551002                    /lib/x86_64-linux-gnu/libpthread-2.27.so
7f9679104000-7f9679108000 rw-p 00000000 00:00 0 
7f9679108000-7f967910b000 r-xp 00000000 08:07 3550892                    /lib/x86_64-linux-gnu/libdl-2.27.so
7f967910b000-7f967930a000 ---p 00003000 08:07 3550892                    /lib/x86_64-linux-gnu/libdl-2.27.so
7f967930a000-7f967930b000 r--p 00002000 08:07 3550892                    /lib/x86_64-linux-gnu/libdl-2.27.so
7f967930b000-7f967930c000 rw-p 00003000 08:07 3550892                    /lib/x86_64-linux-gnu/libdl-2.27.so
7f967930c000-7f9679328000 r-xp 00000000 08:07 3551041                    /lib/x86_64-linux-gnu/libz.so.1.2.11
7f9679328000-7f9679527000 ---p 0001c000 08:07 3551041                    /lib/x86_64-linux-gnu/libz.so.1.2.11
7f9679527000-7f9679528000 r--p 0001b000 08:07 3551041                    /lib/x86_64-linux-gnu/libz.so.1.2.11
7f9679528000-7f9679529000 rw-p 0001c000 08:07 3551041                    /lib/x86_64-linux-gnu/libz.so.1.2.11
7f9679529000-7f9679710000 r-xp 00000000 08:07 3550869                    /lib/x86_64-linux-gnu/libc-2.27.so
7f9679710000-7f9679910000 ---p 001e7000 08:07 3550869                    /lib/x86_64-linux-gnu/libc-2.27.so
7f9679910000-7f9679914000 r--p 001e7000 08:07 3550869                    /lib/x86_64-linux-gnu/libc-2.27.so
7f9679914000-7f9679916000 rw-p 001eb000 08:07 3550869                    /lib/x86_64-linux-gnu/libc-2.27.so
7f9679916000-7f967991a000 rw-p 00000000 00:00 0 
7f967991a000-7f9679929000 r-xp 00000000 08:07 2122139                    /usr/lib/jvm/java-11-openjdk-amd64/lib/jli/libjli.so
7f9679929000-7f9679b28000 ---p 0000f000 08:07 2122139                    /usr/lib/jvm/java-11-openjdk-amd64/lib/jli/libjli.so
7f9679b28000-7f9679b29000 r--p 0000e000 08:07 2122139                    /usr/lib/jvm/java-11-openjdk-amd64/lib/jli/libjli.so
7f9679b29000-7f9679b2a000 rw-p 0000f000 08:07 2122139                    /usr/lib/jvm/java-11-openjdk-amd64/lib/jli/libjli.so
7f9679b2a000-7f9679b51000 r-xp 00000000 08:07 3550841                    /lib/x86_64-linux-gnu/ld-2.27.so
7f9679b51000-7f9679b52000 r--s 00000000 08:07 2381113                    /var/cache/fontconfig/d5178ab6d91b49bf20a416737dcea9e8-le64.cache-7
7f9679b52000-7f9679b53000 r--s 00000000 08:07 2381083                    /var/cache/fontconfig/551ecf3b0e8b0bca0f25c0944f561853-le64.cache-7
7f9679b53000-7f9679b55000 r--s 00000000 08:07 2381082                    /var/cache/fontconfig/550f3886151c940c12a5ed35f6a00586-le64.cache-7
7f9679b55000-7f9679b58000 r--s 00000000 08:07 2381091                    /var/cache/fontconfig/674d1711f2d1d2a09646eb0bdcadee49-le64.cache-7
7f9679b58000-7f9679b59000 r--s 00000000 08:07 2381075                    /var/cache/fontconfig/3f7329c5293ffd510edef78f73874cfd-le64.cache-7
7f9679b59000-7f9679b5a000 r--s 00000000 08:07 2381061                    /var/cache/fontconfig/0c9eb80ebd1c36541ebe2852d3bb0c49-le64.cache-7
7f9679b5a000-7f9679b5b000 r--s 00000000 08:07 2381068                    /var/cache/fontconfig/22368d551a680bfe5a62c02760edf4ea-le64.cache-7
7f9679b5b000-7f9679b5c000 r--s 00000000 08:07 2381080                    /var/cache/fontconfig/4d9c95eba1cb85bbcf2878543262124a-le64.cache-7
7f9679b5c000-7f9679b5d000 r--s 00000000 08:07 2381097                    /var/cache/fontconfig/85e0a52ce643a7ba2ae53e5d6949cead-le64.cache-7
7f9679b5d000-7f9679b5e000 r--s 00000000 08:07 2381077                    /var/cache/fontconfig/49f0de54bdd920fe4f0dfd4cbac43e6b-le64.cache-7
7f9679b5e000-7f9679b5f000 r--s 00000000 08:07 2381124                    /var/cache/fontconfig/f6e6e0a5c3d2f6ae0c0c2e0ecd42a997-le64.cache-7
7f9679b5f000-7f9679b60000 r--s 00000000 08:07 2381078                    /var/cache/fontconfig/4b2eda6bb976bda485cb2176619421d5-le64.cache-7
7f9679b60000-7f9679b6e000 r--s 00000000 08:07 2381100                    /var/cache/fontconfig/9b89f8e3dae116d678bbf48e5f21f69b-le64.cache-7
7f9679b6e000-7f9679b71000 r--s 00000000 08:07 2381119                    /var/cache/fontconfig/e13b20fdb08344e0e664864cc2ede53d-le64.cache-7
7f9679b71000-7f9679b75000 r--p 00000000 08:07 1076605                    /home/harsh/.config/dconf/user (deleted)
7f9679b75000-7f9679c32000 rw-p 00000000 00:00 0 
7f9679c32000-7f9679c36000 ---p 00000000 00:00 0 
7f9679c36000-7f9679d35000 rw-p 00000000 00:00 0 
7f9679d35000-7f9679d37000 r--s 00000000 08:07 2381092                    /var/cache/fontconfig/6afa1bb216ce958c1589e297e8008489-le64.cache-7
7f9679d37000-7f9679d38000 r--s 00000000 00:35 36                         /run/user/1000/dconf/user (deleted)
7f9679d38000-7f9679d3e000 rw-p 00000000 00:00 0 
7f9679d3e000-7f9679d45000 ---p 00000000 00:00 0 
7f9679d45000-7f9679d4d000 rw-s 00000000 08:07 4605741                    /tmp/hsperfdata_harsh/1930
7f9679d4d000-7f9679d4e000 ---p 00000000 00:00 0 
7f9679d4e000-7f9679d4f000 r--p 00000000 00:00 0 
7f9679d4f000-7f9679d51000 rw-p 00000000 00:00 0 
7f9679d51000-7f9679d52000 r--p 00027000 08:07 3550841                    /lib/x86_64-linux-gnu/ld-2.27.so
7f9679d52000-7f9679d53000 rw-p 00028000 08:07 3550841                    /lib/x86_64-linux-gnu/ld-2.27.so
7f9679d53000-7f9679d54000 rw-p 00000000 00:00 0 
7ffd298d5000-7ffd298f6000 rw-p 00000000 00:00 0                          [stack]
7ffd2997c000-7ffd2997f000 r--p 00000000 00:00 0                          [vvar]
7ffd2997f000-7ffd29981000 r-xp 00000000 00:00 0                          [vdso]
ffffffffff600000-ffffffffff601000 r-xp 00000000 00:00 0                  [vsyscall]


VM Arguments:
java_command: edsim51di.jar
java_class_path (initial): edsim51di.jar
Launcher Type: SUN_STANDARD

Logging:
Log output configuration:
#0: stdout all=warning uptime,level,tags
#1: stderr all=off uptime,level,tags

Environment Variables:
PATH=/home/harsh/.local/bin:/usr/local/sbin:/usr/local/bin:/usr/sbin:/usr/bin:/sbin:/bin:/usr/games:/usr/local/games:/snap/bin
USERNAME=harsh
SHELL=/bin/bash
DISPLAY=:0

Signal Handlers:
SIGSEGV: [libjvm.so+0xd28b70], sa_mask[0]=11111111011111111101111111111110, sa_flags=SA_RESTART|SA_SIGINFO
SIGBUS: [libjvm.so+0xd28b70], sa_mask[0]=11111111011111111101111111111110, sa_flags=SA_RESTART|SA_SIGINFO
SIGFPE: [libjvm.so+0xd28b70], sa_mask[0]=11111111011111111101111111111110, sa_flags=SA_RESTART|SA_SIGINFO
SIGPIPE: SIG_IGN, sa_mask[0]=00000000000010000000000000000000, sa_flags=SA_RESTART
SIGXFSZ: [libjvm.so+0xb2a1f0], sa_mask[0]=11111111011111111101111111111110, sa_flags=SA_RESTART|SA_SIGINFO
SIGILL: [libjvm.so+0xd28b70], sa_mask[0]=11111111011111111101111111111110, sa_flags=SA_RESTART|SA_SIGINFO
SIGUSR2: [libjvm.so+0xb2a030], sa_mask[0]=00000000000000000000000000000000, sa_flags=SA_RESTART|SA_SIGINFO
SIGHUP: [libjvm.so+0xb2a180], sa_mask[0]=11111111011111111101111111111110, sa_flags=SA_RESTART|SA_SIGINFO
SIGINT: [libjvm.so+0xb2a180], sa_mask[0]=11111111011111111101111111111110, sa_flags=SA_RESTART|SA_SIGINFO
SIGTERM: [libjvm.so+0xb2a180], sa_mask[0]=11111111011111111101111111111110, sa_flags=SA_RESTART|SA_SIGINFO
SIGQUIT: [libjvm.so+0xb2a180], sa_mask[0]=11111111011111111101111111111110, sa_flags=SA_RESTART|SA_SIGINFO


---------------  S Y S T E M  ---------------

OS:DISTRIB_ID=Ubuntu
DISTRIB_RELEASE=18.04
DISTRIB_CODENAME=bionic
DISTRIB_DESCRIPTION="Ubuntu 18.04.1 LTS"
uname:Linux 4.15.0-43-generic #46-Ubuntu SMP Thu Dec 6 14:45:28 UTC 2018 x86_64
libc:glibc 2.27 NPTL 2.27 
rlimit: STACK 8192k, CORE 0k, NPROC 30354, NOFILE 4096, AS infinity, DATA infinity, FSIZE infinity
load average:0.66 0.34 0.30

/proc/meminfo:
MemTotal:        8057676 kB
MemFree:         6087648 kB
MemAvailable:    6971076 kB
Buffers:          133200 kB
Cached:          1144332 kB
SwapCached:            0 kB
Active:           926628 kB
Inactive:         797488 kB
Active(anon):     447968 kB
Inactive(anon):   210276 kB
Active(file):     478660 kB
Inactive(file):   587212 kB
Unevictable:          32 kB
Mlocked:              32 kB
SwapTotal:       2097148 kB
SwapFree:        2097148 kB
Dirty:              1032 kB
Writeback:            72 kB
AnonPages:        446664 kB
Mapped:           174076 kB
Shmem:            211408 kB
Slab:             128584 kB
SReclaimable:      86444 kB
SUnreclaim:        42140 kB
KernelStack:        4964 kB
PageTables:        14920 kB
NFS_Unstable:          0 kB
Bounce:                0 kB
WritebackTmp:          0 kB
CommitLimit:     6125984 kB
Committed_AS:    2225200 kB
VmallocTotal:   34359738367 kB
VmallocUsed:           0 kB
VmallocChunk:          0 kB
HardwareCorrupted:     0 kB
AnonHugePages:         0 kB
ShmemHugePages:        0 kB
ShmemPmdMapped:        0 kB
CmaTotal:              0 kB
CmaFree:               0 kB
HugePages_Total:       0
HugePages_Free:        0
HugePages_Rsvd:        0
HugePages_Surp:        0
Hugepagesize:       2048 kB
DirectMap4k:      209196 kB
DirectMap2M:     5971968 kB
DirectMap1G:     3145728 kB

container (cgroup) information:
container_type: cgroupv1
cpu_cpuset_cpus: 0-3
cpu_memory_nodes: 0
active_processor_count: 4
cpu_quota: -1
cpu_period: 100000
cpu_shares: -1
memory_limit_in_bytes: -1
memory_and_swap_limit_in_bytes: -2
memory_soft_limit_in_bytes: -1
memory_usage_in_bytes: 1757900800
memory_max_usage_in_bytes: 0


CPU:total 4 (initial active 4) (2 cores per cpu, 2 threads per core) family 6 model 78 stepping 3, cmov, cx8, fxsr, mmx, sse, sse2, sse3, ssse3, sse4.1, sse4.2, popcnt, avx, avx2, aes, clmul, erms, 3dnowpref, lzcnt, ht, tsc, tscinvbit, bmi1, bmi2, adx, fma
CPU Model and flags from /proc/cpuinfo:
model name	: Intel(R) Core(TM) i5-6200U CPU @ 2.30GHz
flags		: fpu vme de pse tsc msr pae mce cx8 apic sep mtrr pge mca cmov pat pse36 clflush dts acpi mmx fxsr sse sse2 ss ht tm pbe syscall nx pdpe1gb rdtscp lm constant_tsc art arch_perfmon pebs bts rep_good nopl xtopology nonstop_tsc cpuid aperfmperf tsc_known_freq pni pclmulqdq dtes64 monitor ds_cpl vmx est tm2 ssse3 sdbg fma cx16 xtpr pdcm pcid sse4_1 sse4_2 x2apic movbe popcnt tsc_deadline_timer aes xsave avx f16c rdrand lahf_lm abm 3dnowprefetch cpuid_fault epb invpcid_single pti ssbd ibrs ibpb stibp tpr_shadow vnmi flexpriority ept vpid fsgsbase tsc_adjust bmi1 avx2 smep bmi2 erms invpcid mpx rdseed adx smap clflushopt intel_pt xsaveopt xsavec xgetbv1 xsaves dtherm ida arat pln pts hwp hwp_notify hwp_act_window hwp_epp flush_l1d

Memory: 4k page, physical 8057676k(6097268k free), swap 2097148k(2097148k free)

vm_info: OpenJDK 64-Bit Server VM (10.0.2+13-Ubuntu-1ubuntu0.18.04.4) for linux-amd64 JRE (10.0.2+13-Ubuntu-1ubuntu0.18.04.4), built on Nov 13 2018 12:53:39 by "buildd" with gcc 7.3.0

END.
